[0.898s] DEBUG:colcon:Command line arguments: ['/usr/bin/colcon', 'build']
[0.898s] DEBUG:colcon:Parsed command line arguments: Namespace(log_base=None, log_level=None, verb_name='build', build_base='build', install_base='install', merge_install=False, symlink_install=False, test_result_base=None, continue_on_error=False, executor='parallel', parallel_workers=12, event_handlers=None, ignore_user_meta=False, metas=['./colcon.meta'], base_paths=['.'], packages_ignore=None, packages_ignore_regex=None, paths=None, packages_up_to=None, packages_up_to_regex=None, packages_above=None, packages_above_and_dependencies=None, packages_above_depth=None, packages_select_by_dep=None, packages_skip_by_dep=None, packages_skip_up_to=None, packages_select_build_failed=False, packages_skip_build_finished=False, packages_select_test_failures=False, packages_skip_test_passed=False, packages_select=None, packages_skip=None, packages_select_regex=None, packages_skip_regex=None, packages_start=None, packages_end=None, allow_overriding=[], cmake_args=None, cmake_target=None, cmake_target_skip_unavailable=False, cmake_clean_cache=False, cmake_clean_first=False, cmake_force_configure=False, ament_cmake_args=None, catkin_cmake_args=None, catkin_skip_building_tests=False, verb_parser=<colcon_defaults.argument_parser.defaults.DefaultArgumentsDecorator object at 0x7f845cb87f70>, verb_extension=<colcon_core.verb.build.BuildVerb object at 0x7f845cb87a00>, main=<bound method BuildVerb.main of <colcon_core.verb.build.BuildVerb object at 0x7f845cb87a00>>)
[0.956s] Level 1:colcon.colcon_core.package_discovery:discover_packages(colcon_meta) check parameters
[0.956s] Level 1:colcon.colcon_core.package_discovery:discover_packages(recursive) check parameters
[0.956s] Level 1:colcon.colcon_core.package_discovery:discover_packages(ignore) check parameters
[0.956s] Level 1:colcon.colcon_core.package_discovery:discover_packages(path) check parameters
[0.956s] Level 1:colcon.colcon_core.package_discovery:discover_packages(colcon_meta) discover
[0.956s] Level 1:colcon.colcon_core.package_discovery:discover_packages(recursive) discover
[0.956s] INFO:colcon.colcon_core.package_discovery:Crawling recursively for packages in '/home/dlyvern/Projects/cw_serv_ws'
[0.957s] Level 1:colcon.colcon_core.package_identification:_identify(.) by extensions ['ignore', 'ignore_ament_install']
[0.957s] Level 1:colcon.colcon_core.package_identification:_identify(.) by extension 'ignore'
[0.957s] Level 1:colcon.colcon_core.package_identification:_identify(.) by extension 'ignore_ament_install'
[0.957s] Level 1:colcon.colcon_core.package_identification:_identify(.) by extensions ['colcon_pkg']
[0.957s] Level 1:colcon.colcon_core.package_identification:_identify(.) by extension 'colcon_pkg'
[0.957s] Level 1:colcon.colcon_core.package_identification:_identify(.) by extensions ['colcon_meta']
[0.957s] Level 1:colcon.colcon_core.package_identification:_identify(.) by extension 'colcon_meta'
[0.957s] Level 1:colcon.colcon_core.package_identification:_identify(.) by extensions ['ros']
[0.957s] Level 1:colcon.colcon_core.package_identification:_identify(.) by extension 'ros'
[0.968s] Level 1:colcon.colcon_core.package_identification:_identify(.) by extensions ['cmake', 'python']
[0.968s] Level 1:colcon.colcon_core.package_identification:_identify(.) by extension 'cmake'
[0.968s] Level 1:colcon.colcon_core.package_identification:_identify(.) by extension 'python'
[0.968s] Level 1:colcon.colcon_core.package_identification:_identify(.) by extensions ['python_setup_py']
[0.968s] Level 1:colcon.colcon_core.package_identification:_identify(.) by extension 'python_setup_py'
[0.968s] Level 1:colcon.colcon_core.package_identification:_identify(build) by extensions ['ignore', 'ignore_ament_install']
[0.969s] Level 1:colcon.colcon_core.package_identification:_identify(build) by extension 'ignore'
[0.969s] Level 1:colcon.colcon_core.package_identification:_identify(build) ignored
[0.969s] Level 1:colcon.colcon_core.package_identification:_identify(install) by extensions ['ignore', 'ignore_ament_install']
[0.969s] Level 1:colcon.colcon_core.package_identification:_identify(install) by extension 'ignore'
[0.969s] Level 1:colcon.colcon_core.package_identification:_identify(install) ignored
[0.969s] Level 1:colcon.colcon_core.package_identification:_identify(log) by extensions ['ignore', 'ignore_ament_install']
[0.969s] Level 1:colcon.colcon_core.package_identification:_identify(log) by extension 'ignore'
[0.969s] Level 1:colcon.colcon_core.package_identification:_identify(log) ignored
[0.969s] Level 1:colcon.colcon_core.package_identification:_identify(src) by extensions ['ignore', 'ignore_ament_install']
[0.969s] Level 1:colcon.colcon_core.package_identification:_identify(src) by extension 'ignore'
[0.969s] Level 1:colcon.colcon_core.package_identification:_identify(src) by extension 'ignore_ament_install'
[0.969s] Level 1:colcon.colcon_core.package_identification:_identify(src) by extensions ['colcon_pkg']
[0.969s] Level 1:colcon.colcon_core.package_identification:_identify(src) by extension 'colcon_pkg'
[0.969s] Level 1:colcon.colcon_core.package_identification:_identify(src) by extensions ['colcon_meta']
[0.969s] Level 1:colcon.colcon_core.package_identification:_identify(src) by extension 'colcon_meta'
[0.969s] Level 1:colcon.colcon_core.package_identification:_identify(src) by extensions ['ros']
[0.969s] Level 1:colcon.colcon_core.package_identification:_identify(src) by extension 'ros'
[0.969s] Level 1:colcon.colcon_core.package_identification:_identify(src) by extensions ['cmake', 'python']
[0.969s] Level 1:colcon.colcon_core.package_identification:_identify(src) by extension 'cmake'
[0.969s] Level 1:colcon.colcon_core.package_identification:_identify(src) by extension 'python'
[0.969s] Level 1:colcon.colcon_core.package_identification:_identify(src) by extensions ['python_setup_py']
[0.969s] Level 1:colcon.colcon_core.package_identification:_identify(src) by extension 'python_setup_py'
[0.969s] Level 1:colcon.colcon_core.package_identification:_identify(src/action_interface) by extensions ['ignore', 'ignore_ament_install']
[0.969s] Level 1:colcon.colcon_core.package_identification:_identify(src/action_interface) by extension 'ignore'
[0.969s] Level 1:colcon.colcon_core.package_identification:_identify(src/action_interface) by extension 'ignore_ament_install'
[0.969s] Level 1:colcon.colcon_core.package_identification:_identify(src/action_interface) by extensions ['colcon_pkg']
[0.969s] Level 1:colcon.colcon_core.package_identification:_identify(src/action_interface) by extension 'colcon_pkg'
[0.969s] Level 1:colcon.colcon_core.package_identification:_identify(src/action_interface) by extensions ['colcon_meta']
[0.969s] Level 1:colcon.colcon_core.package_identification:_identify(src/action_interface) by extension 'colcon_meta'
[0.969s] Level 1:colcon.colcon_core.package_identification:_identify(src/action_interface) by extensions ['ros']
[0.969s] Level 1:colcon.colcon_core.package_identification:_identify(src/action_interface) by extension 'ros'
[0.972s] DEBUG:colcon.colcon_core.package_identification:Package 'src/action_interface' with type 'ros.ament_cmake' and name 'action_interface'
[0.972s] Level 1:colcon.colcon_core.package_identification:_identify(src/cw_serv) by extensions ['ignore', 'ignore_ament_install']
[0.972s] Level 1:colcon.colcon_core.package_identification:_identify(src/cw_serv) by extension 'ignore'
[0.972s] Level 1:colcon.colcon_core.package_identification:_identify(src/cw_serv) by extension 'ignore_ament_install'
[0.972s] Level 1:colcon.colcon_core.package_identification:_identify(src/cw_serv) by extensions ['colcon_pkg']
[0.972s] Level 1:colcon.colcon_core.package_identification:_identify(src/cw_serv) by extension 'colcon_pkg'
[0.972s] Level 1:colcon.colcon_core.package_identification:_identify(src/cw_serv) by extensions ['colcon_meta']
[0.972s] Level 1:colcon.colcon_core.package_identification:_identify(src/cw_serv) by extension 'colcon_meta'
[0.972s] Level 1:colcon.colcon_core.package_identification:_identify(src/cw_serv) by extensions ['ros']
[0.972s] Level 1:colcon.colcon_core.package_identification:_identify(src/cw_serv) by extension 'ros'
[0.973s] DEBUG:colcon.colcon_core.package_identification:Package 'src/cw_serv' with type 'ros.ament_cmake' and name 'cw_serv'
[0.973s] Level 1:colcon.colcon_core.package_discovery:discover_packages(recursive) using defaults
[0.973s] Level 1:colcon.colcon_core.package_discovery:discover_packages(ignore) discover
[0.973s] Level 1:colcon.colcon_core.package_discovery:discover_packages(ignore) using defaults
[0.973s] Level 1:colcon.colcon_core.package_discovery:discover_packages(path) discover
[0.973s] Level 1:colcon.colcon_core.package_discovery:discover_packages(path) using defaults
[1.045s] Level 1:colcon.colcon_core.package_discovery:discover_packages(prefix_path) check parameters
[1.045s] Level 1:colcon.colcon_core.package_discovery:discover_packages(prefix_path) discover
[1.067s] DEBUG:colcon.colcon_installed_package_information.package_discovery:Found 279 installed packages in /opt/ros/humble
[1.068s] Level 1:colcon.colcon_core.package_discovery:discover_packages(prefix_path) using defaults
[1.115s] Level 5:colcon.colcon_core.verb:set package 'action_interface' build argument 'cmake_args' from command line to 'None'
[1.115s] Level 5:colcon.colcon_core.verb:set package 'action_interface' build argument 'cmake_target' from command line to 'None'
[1.115s] Level 5:colcon.colcon_core.verb:set package 'action_interface' build argument 'cmake_target_skip_unavailable' from command line to 'False'
[1.115s] Level 5:colcon.colcon_core.verb:set package 'action_interface' build argument 'cmake_clean_cache' from command line to 'False'
[1.115s] Level 5:colcon.colcon_core.verb:set package 'action_interface' build argument 'cmake_clean_first' from command line to 'False'
[1.115s] Level 5:colcon.colcon_core.verb:set package 'action_interface' build argument 'cmake_force_configure' from command line to 'False'
[1.115s] Level 5:colcon.colcon_core.verb:set package 'action_interface' build argument 'ament_cmake_args' from command line to 'None'
[1.115s] Level 5:colcon.colcon_core.verb:set package 'action_interface' build argument 'catkin_cmake_args' from command line to 'None'
[1.115s] Level 5:colcon.colcon_core.verb:set package 'action_interface' build argument 'catkin_skip_building_tests' from command line to 'False'
[1.115s] DEBUG:colcon.colcon_core.verb:Building package 'action_interface' with the following arguments: {'ament_cmake_args': None, 'build_base': '/home/dlyvern/Projects/cw_serv_ws/build/action_interface', 'catkin_cmake_args': None, 'catkin_skip_building_tests': False, 'cmake_args': None, 'cmake_clean_cache': False, 'cmake_clean_first': False, 'cmake_force_configure': False, 'cmake_target': None, 'cmake_target_skip_unavailable': False, 'install_base': '/home/dlyvern/Projects/cw_serv_ws/install/action_interface', 'merge_install': False, 'path': '/home/dlyvern/Projects/cw_serv_ws/src/action_interface', 'symlink_install': False, 'test_result_base': None}
[1.125s] Level 5:colcon.colcon_core.verb:set package 'cw_serv' build argument 'cmake_args' from command line to 'None'
[1.125s] Level 5:colcon.colcon_core.verb:set package 'cw_serv' build argument 'cmake_target' from command line to 'None'
[1.125s] Level 5:colcon.colcon_core.verb:set package 'cw_serv' build argument 'cmake_target_skip_unavailable' from command line to 'False'
[1.125s] Level 5:colcon.colcon_core.verb:set package 'cw_serv' build argument 'cmake_clean_cache' from command line to 'False'
[1.125s] Level 5:colcon.colcon_core.verb:set package 'cw_serv' build argument 'cmake_clean_first' from command line to 'False'
[1.125s] Level 5:colcon.colcon_core.verb:set package 'cw_serv' build argument 'cmake_force_configure' from command line to 'False'
[1.125s] Level 5:colcon.colcon_core.verb:set package 'cw_serv' build argument 'ament_cmake_args' from command line to 'None'
[1.125s] Level 5:colcon.colcon_core.verb:set package 'cw_serv' build argument 'catkin_cmake_args' from command line to 'None'
[1.125s] Level 5:colcon.colcon_core.verb:set package 'cw_serv' build argument 'catkin_skip_building_tests' from command line to 'False'
[1.125s] DEBUG:colcon.colcon_core.verb:Building package 'cw_serv' with the following arguments: {'ament_cmake_args': None, 'build_base': '/home/dlyvern/Projects/cw_serv_ws/build/cw_serv', 'catkin_cmake_args': None, 'catkin_skip_building_tests': False, 'cmake_args': None, 'cmake_clean_cache': False, 'cmake_clean_first': False, 'cmake_force_configure': False, 'cmake_target': None, 'cmake_target_skip_unavailable': False, 'install_base': '/home/dlyvern/Projects/cw_serv_ws/install/cw_serv', 'merge_install': False, 'path': '/home/dlyvern/Projects/cw_serv_ws/src/cw_serv', 'symlink_install': False, 'test_result_base': None}
[1.135s] INFO:colcon.colcon_core.executor:Executing jobs using 'parallel' executor
[1.146s] DEBUG:colcon.colcon_parallel_executor.executor.parallel:run_until_complete
[1.146s] INFO:colcon.colcon_ros.task.ament_cmake.build:Building ROS package in '/home/dlyvern/Projects/cw_serv_ws/src/action_interface' with build type 'ament_cmake'
[1.146s] INFO:colcon.colcon_cmake.task.cmake.build:Building CMake package in '/home/dlyvern/Projects/cw_serv_ws/src/action_interface'
[1.167s] INFO:colcon.colcon_core.plugin_system:Skipping extension 'colcon_core.shell.bat': Not used on non-Windows systems
[1.167s] INFO:colcon.colcon_core.shell:Skip shell extension 'powershell' for command environment: Not usable outside of PowerShell
[1.167s] DEBUG:colcon.colcon_core.shell:Skip shell extension 'dsv' for command environment
[1.192s] DEBUG:colcon.colcon_core.event_handler.log_command:Invoking command in '/home/dlyvern/Projects/cw_serv_ws/build/action_interface': CMAKE_PREFIX_PATH=/opt/ros/humble /usr/bin/cmake --build /home/dlyvern/Projects/cw_serv_ws/build/action_interface -- -j12 -l12
[1.489s] DEBUG:colcon.colcon_core.event_handler.log_command:Invoked command in '/home/dlyvern/Projects/cw_serv_ws/build/action_interface' returned '0': CMAKE_PREFIX_PATH=/opt/ros/humble /usr/bin/cmake --build /home/dlyvern/Projects/cw_serv_ws/build/action_interface -- -j12 -l12
[1.525s] DEBUG:colcon.colcon_core.event_handler.log_command:Invoking command in '/home/dlyvern/Projects/cw_serv_ws/build/action_interface': CMAKE_PREFIX_PATH=/opt/ros/humble /usr/bin/cmake --install /home/dlyvern/Projects/cw_serv_ws/build/action_interface
[1.559s] Level 1:colcon.colcon_core.environment:create_environment_scripts_only(action_interface)
[1.560s] DEBUG:colcon.colcon_core.event_handler.log_command:Invoked command in '/home/dlyvern/Projects/cw_serv_ws/build/action_interface' returned '0': CMAKE_PREFIX_PATH=/opt/ros/humble /usr/bin/cmake --install /home/dlyvern/Projects/cw_serv_ws/build/action_interface
[1.575s] Level 1:colcon.colcon_core.environment:checking '/home/dlyvern/Projects/cw_serv_ws/install/action_interface' for CMake module files
[1.576s] Level 1:colcon.colcon_core.environment:checking '/home/dlyvern/Projects/cw_serv_ws/install/action_interface' for CMake config files
[1.576s] Level 1:colcon.colcon_core.shell:create_environment_hook('action_interface', 'cmake_prefix_path')
[1.587s] INFO:colcon.colcon_core.shell:Creating environment hook '/home/dlyvern/Projects/cw_serv_ws/install/action_interface/share/action_interface/hook/cmake_prefix_path.ps1'
[1.587s] INFO:colcon.colcon_core.shell:Creating environment descriptor '/home/dlyvern/Projects/cw_serv_ws/install/action_interface/share/action_interface/hook/cmake_prefix_path.dsv'
[1.588s] INFO:colcon.colcon_core.shell:Creating environment hook '/home/dlyvern/Projects/cw_serv_ws/install/action_interface/share/action_interface/hook/cmake_prefix_path.sh'
[1.588s] Level 1:colcon.colcon_core.environment:checking '/home/dlyvern/Projects/cw_serv_ws/install/action_interface/lib'
[1.588s] Level 1:colcon.colcon_core.shell:create_environment_hook('action_interface', 'ld_library_path_lib')
[1.599s] INFO:colcon.colcon_core.shell:Creating environment hook '/home/dlyvern/Projects/cw_serv_ws/install/action_interface/share/action_interface/hook/ld_library_path_lib.ps1'
[1.599s] INFO:colcon.colcon_core.shell:Creating environment descriptor '/home/dlyvern/Projects/cw_serv_ws/install/action_interface/share/action_interface/hook/ld_library_path_lib.dsv'
[1.599s] INFO:colcon.colcon_core.shell:Creating environment hook '/home/dlyvern/Projects/cw_serv_ws/install/action_interface/share/action_interface/hook/ld_library_path_lib.sh'
[1.599s] Level 1:colcon.colcon_core.environment:checking '/home/dlyvern/Projects/cw_serv_ws/install/action_interface/bin'
[1.599s] Level 1:colcon.colcon_core.environment:checking '/home/dlyvern/Projects/cw_serv_ws/install/action_interface/lib/pkgconfig/action_interface.pc'
[1.599s] Level 1:colcon.colcon_core.environment:checking '/home/dlyvern/Projects/cw_serv_ws/install/action_interface/lib/python3.10/site-packages'
[1.599s] Level 1:colcon.colcon_core.environment:checking '/home/dlyvern/Projects/cw_serv_ws/install/action_interface/bin'
[1.610s] INFO:colcon.colcon_core.shell:Creating package script '/home/dlyvern/Projects/cw_serv_ws/install/action_interface/share/action_interface/package.ps1'
[1.610s] INFO:colcon.colcon_core.shell:Creating package descriptor '/home/dlyvern/Projects/cw_serv_ws/install/action_interface/share/action_interface/package.dsv'
[1.611s] INFO:colcon.colcon_core.shell:Creating package script '/home/dlyvern/Projects/cw_serv_ws/install/action_interface/share/action_interface/package.sh'
[1.611s] INFO:colcon.colcon_core.shell:Creating package script '/home/dlyvern/Projects/cw_serv_ws/install/action_interface/share/action_interface/package.bash'
[1.612s] INFO:colcon.colcon_core.shell:Creating package script '/home/dlyvern/Projects/cw_serv_ws/install/action_interface/share/action_interface/package.zsh'
[1.612s] Level 1:colcon.colcon_core.environment:create_file_with_runtime_dependencies(/home/dlyvern/Projects/cw_serv_ws/install/action_interface/share/colcon-core/packages/action_interface)
[1.653s] Level 1:colcon.colcon_core.environment:create_environment_scripts_only(action_interface)
[1.663s] Level 1:colcon.colcon_core.environment:checking '/home/dlyvern/Projects/cw_serv_ws/install/action_interface' for CMake module files
[1.663s] Level 1:colcon.colcon_core.environment:checking '/home/dlyvern/Projects/cw_serv_ws/install/action_interface' for CMake config files
[1.664s] Level 1:colcon.colcon_core.shell:create_environment_hook('action_interface', 'cmake_prefix_path')
[1.675s] INFO:colcon.colcon_core.shell:Creating environment hook '/home/dlyvern/Projects/cw_serv_ws/install/action_interface/share/action_interface/hook/cmake_prefix_path.ps1'
[1.675s] INFO:colcon.colcon_core.shell:Creating environment descriptor '/home/dlyvern/Projects/cw_serv_ws/install/action_interface/share/action_interface/hook/cmake_prefix_path.dsv'
[1.676s] INFO:colcon.colcon_core.shell:Creating environment hook '/home/dlyvern/Projects/cw_serv_ws/install/action_interface/share/action_interface/hook/cmake_prefix_path.sh'
[1.676s] Level 1:colcon.colcon_core.environment:checking '/home/dlyvern/Projects/cw_serv_ws/install/action_interface/lib'
[1.676s] Level 1:colcon.colcon_core.shell:create_environment_hook('action_interface', 'ld_library_path_lib')
[1.686s] INFO:colcon.colcon_core.shell:Creating environment hook '/home/dlyvern/Projects/cw_serv_ws/install/action_interface/share/action_interface/hook/ld_library_path_lib.ps1'
[1.687s] INFO:colcon.colcon_core.shell:Creating environment descriptor '/home/dlyvern/Projects/cw_serv_ws/install/action_interface/share/action_interface/hook/ld_library_path_lib.dsv'
[1.687s] INFO:colcon.colcon_core.shell:Creating environment hook '/home/dlyvern/Projects/cw_serv_ws/install/action_interface/share/action_interface/hook/ld_library_path_lib.sh'
[1.687s] Level 1:colcon.colcon_core.environment:checking '/home/dlyvern/Projects/cw_serv_ws/install/action_interface/bin'
[1.687s] Level 1:colcon.colcon_core.environment:checking '/home/dlyvern/Projects/cw_serv_ws/install/action_interface/lib/pkgconfig/action_interface.pc'
[1.687s] Level 1:colcon.colcon_core.environment:checking '/home/dlyvern/Projects/cw_serv_ws/install/action_interface/lib/python3.10/site-packages'
[1.687s] Level 1:colcon.colcon_core.environment:checking '/home/dlyvern/Projects/cw_serv_ws/install/action_interface/bin'
[1.697s] INFO:colcon.colcon_core.shell:Creating package script '/home/dlyvern/Projects/cw_serv_ws/install/action_interface/share/action_interface/package.ps1'
[1.698s] INFO:colcon.colcon_core.shell:Creating package descriptor '/home/dlyvern/Projects/cw_serv_ws/install/action_interface/share/action_interface/package.dsv'
[1.698s] INFO:colcon.colcon_core.shell:Creating package script '/home/dlyvern/Projects/cw_serv_ws/install/action_interface/share/action_interface/package.sh'
[1.698s] INFO:colcon.colcon_core.shell:Creating package script '/home/dlyvern/Projects/cw_serv_ws/install/action_interface/share/action_interface/package.bash'
[1.698s] INFO:colcon.colcon_core.shell:Creating package script '/home/dlyvern/Projects/cw_serv_ws/install/action_interface/share/action_interface/package.zsh'
[1.698s] Level 1:colcon.colcon_core.environment:create_file_with_runtime_dependencies(/home/dlyvern/Projects/cw_serv_ws/install/action_interface/share/colcon-core/packages/action_interface)
[1.699s] INFO:colcon.colcon_ros.task.ament_cmake.build:Building ROS package in '/home/dlyvern/Projects/cw_serv_ws/src/cw_serv' with build type 'ament_cmake'
[1.699s] INFO:colcon.colcon_cmake.task.cmake.build:Building CMake package in '/home/dlyvern/Projects/cw_serv_ws/src/cw_serv'
[1.710s] INFO:colcon.colcon_core.shell:Skip shell extension 'powershell' for command environment: Not usable outside of PowerShell
[1.710s] DEBUG:colcon.colcon_core.shell:Skip shell extension 'dsv' for command environment
[1.736s] DEBUG:colcon.colcon_core.event_handler.log_command:Invoking command in '/home/dlyvern/Projects/cw_serv_ws/build/cw_serv': AMENT_PREFIX_PATH=/home/dlyvern/Projects/cw_serv_ws/install/action_interface:${AMENT_PREFIX_PATH} CMAKE_PREFIX_PATH=/home/dlyvern/Projects/cw_serv_ws/install/action_interface:/opt/ros/humble LD_LIBRARY_PATH=/home/dlyvern/Projects/cw_serv_ws/install/action_interface/lib:${LD_LIBRARY_PATH} PYTHONPATH=/home/dlyvern/Projects/cw_serv_ws/install/action_interface/local/lib/python3.10/dist-packages:${PYTHONPATH} /usr/bin/cmake --build /home/dlyvern/Projects/cw_serv_ws/build/cw_serv -- -j12 -l12
[6.471s] DEBUG:colcon.colcon_core.event_handler.log_command:Invoked command in '/home/dlyvern/Projects/cw_serv_ws/build/cw_serv' returned '0': AMENT_PREFIX_PATH=/home/dlyvern/Projects/cw_serv_ws/install/action_interface:${AMENT_PREFIX_PATH} CMAKE_PREFIX_PATH=/home/dlyvern/Projects/cw_serv_ws/install/action_interface:/opt/ros/humble LD_LIBRARY_PATH=/home/dlyvern/Projects/cw_serv_ws/install/action_interface/lib:${LD_LIBRARY_PATH} PYTHONPATH=/home/dlyvern/Projects/cw_serv_ws/install/action_interface/local/lib/python3.10/dist-packages:${PYTHONPATH} /usr/bin/cmake --build /home/dlyvern/Projects/cw_serv_ws/build/cw_serv -- -j12 -l12
[6.497s] DEBUG:colcon.colcon_core.event_handler.log_command:Invoking command in '/home/dlyvern/Projects/cw_serv_ws/build/cw_serv': AMENT_PREFIX_PATH=/home/dlyvern/Projects/cw_serv_ws/install/action_interface:${AMENT_PREFIX_PATH} CMAKE_PREFIX_PATH=/home/dlyvern/Projects/cw_serv_ws/install/action_interface:/opt/ros/humble LD_LIBRARY_PATH=/home/dlyvern/Projects/cw_serv_ws/install/action_interface/lib:${LD_LIBRARY_PATH} PYTHONPATH=/home/dlyvern/Projects/cw_serv_ws/install/action_interface/local/lib/python3.10/dist-packages:${PYTHONPATH} /usr/bin/cmake --install /home/dlyvern/Projects/cw_serv_ws/build/cw_serv
[6.506s] Level 1:colcon.colcon_core.environment:create_environment_scripts_only(cw_serv)
[6.506s] DEBUG:colcon.colcon_core.event_handler.log_command:Invoked command in '/home/dlyvern/Projects/cw_serv_ws/build/cw_serv' returned '0': AMENT_PREFIX_PATH=/home/dlyvern/Projects/cw_serv_ws/install/action_interface:${AMENT_PREFIX_PATH} CMAKE_PREFIX_PATH=/home/dlyvern/Projects/cw_serv_ws/install/action_interface:/opt/ros/humble LD_LIBRARY_PATH=/home/dlyvern/Projects/cw_serv_ws/install/action_interface/lib:${LD_LIBRARY_PATH} PYTHONPATH=/home/dlyvern/Projects/cw_serv_ws/install/action_interface/local/lib/python3.10/dist-packages:${PYTHONPATH} /usr/bin/cmake --install /home/dlyvern/Projects/cw_serv_ws/build/cw_serv
[6.517s] Level 1:colcon.colcon_core.environment:checking '/home/dlyvern/Projects/cw_serv_ws/install/cw_serv' for CMake module files
[6.518s] Level 1:colcon.colcon_core.environment:checking '/home/dlyvern/Projects/cw_serv_ws/install/cw_serv' for CMake config files
[6.518s] Level 1:colcon.colcon_core.shell:create_environment_hook('cw_serv', 'cmake_prefix_path')
[6.528s] INFO:colcon.colcon_core.shell:Creating environment hook '/home/dlyvern/Projects/cw_serv_ws/install/cw_serv/share/cw_serv/hook/cmake_prefix_path.ps1'
[6.528s] INFO:colcon.colcon_core.shell:Creating environment descriptor '/home/dlyvern/Projects/cw_serv_ws/install/cw_serv/share/cw_serv/hook/cmake_prefix_path.dsv'
[6.529s] INFO:colcon.colcon_core.shell:Creating environment hook '/home/dlyvern/Projects/cw_serv_ws/install/cw_serv/share/cw_serv/hook/cmake_prefix_path.sh'
[6.529s] Level 1:colcon.colcon_core.environment:checking '/home/dlyvern/Projects/cw_serv_ws/install/cw_serv/lib'
[6.529s] Level 1:colcon.colcon_core.environment:checking '/home/dlyvern/Projects/cw_serv_ws/install/cw_serv/bin'
[6.529s] Level 1:colcon.colcon_core.environment:checking '/home/dlyvern/Projects/cw_serv_ws/install/cw_serv/lib/pkgconfig/cw_serv.pc'
[6.529s] Level 1:colcon.colcon_core.environment:checking '/home/dlyvern/Projects/cw_serv_ws/install/cw_serv/lib/python3.10/site-packages'
[6.529s] Level 1:colcon.colcon_core.environment:checking '/home/dlyvern/Projects/cw_serv_ws/install/cw_serv/bin'
[6.539s] INFO:colcon.colcon_core.shell:Creating package script '/home/dlyvern/Projects/cw_serv_ws/install/cw_serv/share/cw_serv/package.ps1'
[6.540s] INFO:colcon.colcon_core.shell:Creating package descriptor '/home/dlyvern/Projects/cw_serv_ws/install/cw_serv/share/cw_serv/package.dsv'
[6.540s] INFO:colcon.colcon_core.shell:Creating package script '/home/dlyvern/Projects/cw_serv_ws/install/cw_serv/share/cw_serv/package.sh'
[6.540s] INFO:colcon.colcon_core.shell:Creating package script '/home/dlyvern/Projects/cw_serv_ws/install/cw_serv/share/cw_serv/package.bash'
[6.540s] INFO:colcon.colcon_core.shell:Creating package script '/home/dlyvern/Projects/cw_serv_ws/install/cw_serv/share/cw_serv/package.zsh'
[6.540s] Level 1:colcon.colcon_core.environment:create_file_with_runtime_dependencies(/home/dlyvern/Projects/cw_serv_ws/install/cw_serv/share/colcon-core/packages/cw_serv)
[6.575s] Level 1:colcon.colcon_core.environment:create_environment_scripts_only(cw_serv)
[6.586s] Level 1:colcon.colcon_core.environment:checking '/home/dlyvern/Projects/cw_serv_ws/install/cw_serv' for CMake module files
[6.586s] Level 1:colcon.colcon_core.environment:checking '/home/dlyvern/Projects/cw_serv_ws/install/cw_serv' for CMake config files
[6.586s] Level 1:colcon.colcon_core.shell:create_environment_hook('cw_serv', 'cmake_prefix_path')
[6.596s] INFO:colcon.colcon_core.shell:Creating environment hook '/home/dlyvern/Projects/cw_serv_ws/install/cw_serv/share/cw_serv/hook/cmake_prefix_path.ps1'
[6.597s] INFO:colcon.colcon_core.shell:Creating environment descriptor '/home/dlyvern/Projects/cw_serv_ws/install/cw_serv/share/cw_serv/hook/cmake_prefix_path.dsv'
[6.597s] INFO:colcon.colcon_core.shell:Creating environment hook '/home/dlyvern/Projects/cw_serv_ws/install/cw_serv/share/cw_serv/hook/cmake_prefix_path.sh'
[6.597s] Level 1:colcon.colcon_core.environment:checking '/home/dlyvern/Projects/cw_serv_ws/install/cw_serv/lib'
[6.597s] Level 1:colcon.colcon_core.environment:checking '/home/dlyvern/Projects/cw_serv_ws/install/cw_serv/bin'
[6.597s] Level 1:colcon.colcon_core.environment:checking '/home/dlyvern/Projects/cw_serv_ws/install/cw_serv/lib/pkgconfig/cw_serv.pc'
[6.597s] Level 1:colcon.colcon_core.environment:checking '/home/dlyvern/Projects/cw_serv_ws/install/cw_serv/lib/python3.10/site-packages'
[6.598s] Level 1:colcon.colcon_core.environment:checking '/home/dlyvern/Projects/cw_serv_ws/install/cw_serv/bin'
[6.608s] INFO:colcon.colcon_core.shell:Creating package script '/home/dlyvern/Projects/cw_serv_ws/install/cw_serv/share/cw_serv/package.ps1'
[6.608s] INFO:colcon.colcon_core.shell:Creating package descriptor '/home/dlyvern/Projects/cw_serv_ws/install/cw_serv/share/cw_serv/package.dsv'
[6.608s] INFO:colcon.colcon_core.shell:Creating package script '/home/dlyvern/Projects/cw_serv_ws/install/cw_serv/share/cw_serv/package.sh'
[6.609s] INFO:colcon.colcon_core.shell:Creating package script '/home/dlyvern/Projects/cw_serv_ws/install/cw_serv/share/cw_serv/package.bash'
[6.609s] INFO:colcon.colcon_core.shell:Creating package script '/home/dlyvern/Projects/cw_serv_ws/install/cw_serv/share/cw_serv/package.zsh'
[6.609s] Level 1:colcon.colcon_core.environment:create_file_with_runtime_dependencies(/home/dlyvern/Projects/cw_serv_ws/install/cw_serv/share/colcon-core/packages/cw_serv)
[6.609s] DEBUG:colcon.colcon_parallel_executor.executor.parallel:closing loop
[6.609s] DEBUG:colcon.colcon_parallel_executor.executor.parallel:loop closed
[6.609s] DEBUG:colcon.colcon_parallel_executor.executor.parallel:run_until_complete finished with '0'
[6.609s] DEBUG:colcon.colcon_core.event_reactor:joining thread
[6.624s] INFO:colcon.colcon_core.plugin_system:Skipping extension 'colcon_notification.desktop_notification.terminal_notifier': Not used on non-Darwin systems
[6.624s] INFO:colcon.colcon_core.plugin_system:Skipping extension 'colcon_notification.desktop_notification.win32': Not used on non-Windows systems
[6.624s] INFO:colcon.colcon_notification.desktop_notification:Sending desktop notification using 'notify2'
[6.635s] DEBUG:colcon.colcon_core.event_reactor:joined thread
[6.647s] INFO:colcon.colcon_core.shell:Creating prefix script '/home/dlyvern/Projects/cw_serv_ws/install/local_setup.ps1'
[6.648s] INFO:colcon.colcon_core.shell:Creating prefix util module '/home/dlyvern/Projects/cw_serv_ws/install/_local_setup_util_ps1.py'
[6.649s] INFO:colcon.colcon_core.shell:Creating prefix chain script '/home/dlyvern/Projects/cw_serv_ws/install/setup.ps1'
[6.660s] INFO:colcon.colcon_core.shell:Creating prefix script '/home/dlyvern/Projects/cw_serv_ws/install/local_setup.sh'
[6.660s] INFO:colcon.colcon_core.shell:Creating prefix util module '/home/dlyvern/Projects/cw_serv_ws/install/_local_setup_util_sh.py'
[6.660s] INFO:colcon.colcon_core.shell:Creating prefix chain script '/home/dlyvern/Projects/cw_serv_ws/install/setup.sh'
[6.671s] INFO:colcon.colcon_core.shell:Creating prefix script '/home/dlyvern/Projects/cw_serv_ws/install/local_setup.bash'
[6.671s] INFO:colcon.colcon_core.shell:Creating prefix chain script '/home/dlyvern/Projects/cw_serv_ws/install/setup.bash'
[6.682s] INFO:colcon.colcon_core.shell:Creating prefix script '/home/dlyvern/Projects/cw_serv_ws/install/local_setup.zsh'
[6.683s] INFO:colcon.colcon_core.shell:Creating prefix chain script '/home/dlyvern/Projects/cw_serv_ws/install/setup.zsh'
