[0.052s] Invoking command in '/home/dlyvern/Projects/cw_serv_ws/build/action_interface': CMAKE_PREFIX_PATH=/opt/ros/humble /usr/bin/cmake /home/dlyvern/Projects/cw_serv_ws/src/action_interface -DCMAKE_INSTALL_PREFIX=/home/dlyvern/Projects/cw_serv_ws/install/action_interface
[0.153s] -- The C compiler identification is GNU 11.4.0
[0.202s] -- The CXX compiler identification is GNU 11.4.0
[0.209s] -- Detecting C compiler ABI info
[0.305s] -- Detecting C compiler ABI info - done
[0.310s] -- Check for working C compiler: /usr/bin/cc - skipped
[0.310s] -- Detecting C compile features
[0.311s] -- Detecting C compile features - done
[0.313s] -- Detecting CXX compiler ABI info
[0.366s] -- Detecting CXX compiler ABI info - done
[0.371s] -- Check for working CXX compiler: /usr/bin/c++ - skipped
[0.371s] -- Detecting CXX compile features
[0.371s] -- Detecting CXX compile features - done
[0.372s] -- Found ament_cmake: 1.3.5 (/opt/ros/humble/share/ament_cmake/cmake)
[0.596s] -- Found Python3: /usr/bin/python3.10 (found version "3.10.12") found components: Interpreter 
[0.648s] -- Found rosidl_default_generators: 1.2.0 (/opt/ros/humble/share/rosidl_default_generators/cmake)
[0.649s] -- Using all available rosidl_typesupport_c: rosidl_typesupport_fastrtps_c;rosidl_typesupport_introspection_c
[0.652s] -- Found rosidl_adapter: 3.1.5 (/opt/ros/humble/share/rosidl_adapter/cmake)
[0.675s] -- Using all available rosidl_typesupport_cpp: rosidl_typesupport_fastrtps_cpp;rosidl_typesupport_introspection_cpp
[0.906s] -- Found ament_cmake_ros: 0.10.0 (/opt/ros/humble/share/ament_cmake_ros/cmake)
[1.050s] -- Using all available rosidl_typesupport_c: rosidl_typesupport_fastrtps_c;rosidl_typesupport_introspection_c
[1.219s] -- Using all available rosidl_typesupport_cpp: rosidl_typesupport_fastrtps_cpp;rosidl_typesupport_introspection_cpp
[1.236s] -- Found PythonInterp: /usr/bin/python3 (found suitable version "3.10.12", minimum required is "3.6") 
[1.237s] -- Found python_cmake_module: 0.10.0 (/opt/ros/humble/share/python_cmake_module/cmake)
[1.255s] -- Found PythonLibs: /usr/lib/x86_64-linux-gnu/libpython3.10.so (found suitable version "3.10.12", minimum required is "3.5") 
[1.255s] -- Using PYTHON_EXECUTABLE: /usr/bin/python3
[1.255s] -- Using PYTHON_INCLUDE_DIRS: /usr/include/python3.10
[1.255s] -- Using PYTHON_LIBRARIES: /usr/lib/x86_64-linux-gnu/libpython3.10.so
[1.268s] -- Found PythonExtra: .so  
[1.298s] -- Found ament_lint_auto: 0.12.8 (/opt/ros/humble/share/ament_lint_auto/cmake)
[1.321s] -- Added test 'cppcheck' to perform static code analysis on C / C++ code
[1.322s] -- Configured cppcheck include dirs: 
[1.322s] -- Configured cppcheck exclude dirs and/or files: 
[1.323s] -- Added test 'flake8' to check Python code syntax and style conventions
[1.326s] -- Added test 'lint_cmake' to check CMake code style
[1.327s] -- Added test 'pep257' to check Python code against some of the docstring style conventions in PEP 257
[1.335s] -- Added test 'uncrustify' to check C / C++ code style
[1.335s] -- Configured uncrustify additional arguments: 
[1.337s] -- Added test 'xmllint' to check XML markup files
[1.339s] -- Configuring done
[1.356s] -- Generating done
[1.358s] -- Build files have been written to: /home/dlyvern/Projects/cw_serv_ws/build/action_interface
[1.363s] Invoked command in '/home/dlyvern/Projects/cw_serv_ws/build/action_interface' returned '0': CMAKE_PREFIX_PATH=/opt/ros/humble /usr/bin/cmake /home/dlyvern/Projects/cw_serv_ws/src/action_interface -DCMAKE_INSTALL_PREFIX=/home/dlyvern/Projects/cw_serv_ws/install/action_interface
[1.364s] Invoking command in '/home/dlyvern/Projects/cw_serv_ws/build/action_interface': CMAKE_PREFIX_PATH=/opt/ros/humble /usr/bin/cmake --build /home/dlyvern/Projects/cw_serv_ws/build/action_interface -- -j12 -l12
[1.387s] [  3%] [34m[1mGenerating C code for ROS interfaces[0m
[1.394s] [  6%] [34m[1mGenerating C++ code for ROS interfaces[0m
[1.400s] [  6%] Built target ament_cmake_python_copy_action_interface
[1.541s] running egg_info
[1.542s] creating action_interface.egg-info
[1.553s] writing action_interface.egg-info/PKG-INFO
[1.553s] writing dependency_links to action_interface.egg-info/dependency_links.txt
[1.553s] writing top-level names to action_interface.egg-info/top_level.txt
[1.553s] writing manifest file 'action_interface.egg-info/SOURCES.txt'
[1.585s] reading manifest file 'action_interface.egg-info/SOURCES.txt'
[1.586s] writing manifest file 'action_interface.egg-info/SOURCES.txt'
[1.602s] [  6%] Built target ament_cmake_python_build_action_interface_egg
[1.686s] [  6%] Built target action_interface__cpp
[1.692s] [ 12%] [34m[1mGenerating C++ type support dispatch for ROS interfaces[0m
[1.692s] [ 12%] [34m[1mGenerating C++ type support for eProsima Fast-RTPS[0m
[1.692s] [ 16%] [34m[1mGenerating C++ introspection for ROS interfaces[0m
[1.696s] [ 19%] [32mBuilding C object CMakeFiles/action_interface__rosidl_generator_c.dir/rosidl_generator_c/action_interface/action/detail/cmd__functions.c.o[0m
[1.792s] [ 22%] [32m[1mLinking C shared library libaction_interface__rosidl_generator_c.so[0m
[1.816s] [ 22%] Built target action_interface__rosidl_generator_c
[1.823s] [ 32%] [34m[1mGenerating C introspection for ROS interfaces[0m
[1.823s] [ 32%] [34m[1mGenerating C type support for eProsima Fast-RTPS[0m
[1.823s] [ 32%] [34m[1mGenerating C type support dispatch for ROS interfaces[0m
[1.908s] [ 35%] [32mBuilding CXX object CMakeFiles/action_interface__rosidl_typesupport_cpp.dir/rosidl_typesupport_cpp/action_interface/action/cmd__type_support.cpp.o[0m
[1.951s] [ 38%] [32mBuilding CXX object CMakeFiles/action_interface__rosidl_typesupport_introspection_cpp.dir/rosidl_typesupport_introspection_cpp/action_interface/action/detail/cmd__type_support.cpp.o[0m
[1.987s] [ 41%] [32mBuilding CXX object CMakeFiles/action_interface__rosidl_typesupport_fastrtps_cpp.dir/rosidl_typesupport_fastrtps_cpp/action_interface/action/detail/dds_fastrtps/cmd__type_support.cpp.o[0m
[2.052s] [ 45%] [32mBuilding CXX object CMakeFiles/action_interface__rosidl_typesupport_c.dir/rosidl_typesupport_c/action_interface/action/cmd__type_support.cpp.o[0m
[2.085s] [ 48%] [32m[1mLinking CXX shared library libaction_interface__rosidl_typesupport_c.so[0m
[2.115s] [ 48%] Built target action_interface__rosidl_typesupport_c
[2.118s] [ 51%] [32mBuilding C object CMakeFiles/action_interface__rosidl_typesupport_introspection_c.dir/rosidl_typesupport_introspection_c/action_interface/action/detail/cmd__type_support.c.o[0m
[2.126s] [ 54%] [32mBuilding CXX object CMakeFiles/action_interface__rosidl_typesupport_fastrtps_c.dir/rosidl_typesupport_fastrtps_c/action_interface/action/detail/cmd__type_support_c.cpp.o[0m
[2.154s] [ 58%] [32m[1mLinking C shared library libaction_interface__rosidl_typesupport_introspection_c.so[0m
[2.175s] [ 58%] Built target action_interface__rosidl_typesupport_introspection_c
[2.275s] [ 61%] [32m[1mLinking CXX shared library libaction_interface__rosidl_typesupport_cpp.so[0m
[2.302s] [ 61%] Built target action_interface__rosidl_typesupport_cpp
[2.372s] [ 64%] [32m[1mLinking CXX shared library libaction_interface__rosidl_typesupport_introspection_cpp.so[0m
[2.374s] [ 67%] [32m[1mLinking CXX shared library libaction_interface__rosidl_typesupport_fastrtps_c.so[0m
[2.415s] [ 70%] [32m[1mLinking CXX shared library libaction_interface__rosidl_typesupport_fastrtps_cpp.so[0m
[2.428s] [ 70%] Built target action_interface__rosidl_typesupport_introspection_cpp
[2.430s] [ 70%] Built target action_interface__rosidl_typesupport_fastrtps_c
[2.463s] [ 70%] Built target action_interface__rosidl_typesupport_fastrtps_cpp
[2.474s] [ 70%] Built target action_interface
[2.486s] [ 74%] [34m[1mGenerating Python code for ROS interfaces[0m
[2.980s] [ 74%] Built target action_interface__py
[2.991s] [ 77%] [32mBuilding C object CMakeFiles/action_interface__rosidl_generator_py.dir/rosidl_generator_py/action_interface/action/_cmd_s.c.o[0m
[3.107s] [ 80%] [32m[1mLinking C shared library rosidl_generator_py/action_interface/libaction_interface__rosidl_generator_py.so[0m
[3.133s] [ 80%] Built target action_interface__rosidl_generator_py
[3.146s] [ 90%] [32mBuilding C object CMakeFiles/action_interface__rosidl_typesupport_fastrtps_c__pyext.dir/rosidl_generator_py/action_interface/_action_interface_s.ep.rosidl_typesupport_fastrtps_c.c.o[0m
[3.146s] [ 90%] [32mBuilding C object CMakeFiles/action_interface__rosidl_typesupport_c__pyext.dir/rosidl_generator_py/action_interface/_action_interface_s.ep.rosidl_typesupport_c.c.o[0m
[3.146s] [ 90%] [32mBuilding C object CMakeFiles/action_interface__rosidl_typesupport_introspection_c__pyext.dir/rosidl_generator_py/action_interface/_action_interface_s.ep.rosidl_typesupport_introspection_c.c.o[0m
[3.219s] [100%] [32m[1mLinking C shared library rosidl_generator_py/action_interface/action_interface_s__rosidl_typesupport_fastrtps_c.cpython-310-x86_64-linux-gnu.so[0m
[3.219s] [100%] [32m[1mLinking C shared library rosidl_generator_py/action_interface/action_interface_s__rosidl_typesupport_introspection_c.cpython-310-x86_64-linux-gnu.so[0m
[3.219s] [100%] [32m[1mLinking C shared library rosidl_generator_py/action_interface/action_interface_s__rosidl_typesupport_c.cpython-310-x86_64-linux-gnu.so[0m
[3.244s] [100%] Built target action_interface__rosidl_typesupport_fastrtps_c__pyext
[3.244s] [100%] Built target action_interface__rosidl_typesupport_introspection_c__pyext
[3.244s] [100%] Built target action_interface__rosidl_typesupport_c__pyext
[3.251s] Invoked command in '/home/dlyvern/Projects/cw_serv_ws/build/action_interface' returned '0': CMAKE_PREFIX_PATH=/opt/ros/humble /usr/bin/cmake --build /home/dlyvern/Projects/cw_serv_ws/build/action_interface -- -j12 -l12
[3.286s] Invoking command in '/home/dlyvern/Projects/cw_serv_ws/build/action_interface': CMAKE_PREFIX_PATH=/opt/ros/humble /usr/bin/cmake --install /home/dlyvern/Projects/cw_serv_ws/build/action_interface
[3.291s] -- Install configuration: ""
[3.291s] -- Installing: /home/dlyvern/Projects/cw_serv_ws/install/action_interface/share/ament_index/resource_index/rosidl_interfaces/action_interface
[3.291s] -- Installing: /home/dlyvern/Projects/cw_serv_ws/install/action_interface/include/action_interface/action_interface
[3.291s] -- Installing: /home/dlyvern/Projects/cw_serv_ws/install/action_interface/include/action_interface/action_interface/action
[3.291s] -- Installing: /home/dlyvern/Projects/cw_serv_ws/install/action_interface/include/action_interface/action_interface/action/detail
[3.291s] -- Installing: /home/dlyvern/Projects/cw_serv_ws/install/action_interface/include/action_interface/action_interface/action/detail/cmd__struct.h
[3.291s] -- Installing: /home/dlyvern/Projects/cw_serv_ws/install/action_interface/include/action_interface/action_interface/action/detail/cmd__functions.h
[3.291s] -- Installing: /home/dlyvern/Projects/cw_serv_ws/install/action_interface/include/action_interface/action_interface/action/detail/cmd__functions.c
[3.291s] -- Installing: /home/dlyvern/Projects/cw_serv_ws/install/action_interface/include/action_interface/action_interface/action/detail/cmd__type_support.h
[3.291s] -- Installing: /home/dlyvern/Projects/cw_serv_ws/install/action_interface/include/action_interface/action_interface/action/cmd.h
[3.291s] -- Installing: /home/dlyvern/Projects/cw_serv_ws/install/action_interface/include/action_interface/action_interface/msg
[3.291s] -- Installing: /home/dlyvern/Projects/cw_serv_ws/install/action_interface/include/action_interface/action_interface/msg/rosidl_generator_c__visibility_control.h
[3.291s] -- Installing: /home/dlyvern/Projects/cw_serv_ws/install/action_interface/share/action_interface/environment/library_path.sh
[3.291s] -- Installing: /home/dlyvern/Projects/cw_serv_ws/install/action_interface/share/action_interface/environment/library_path.dsv
[3.291s] -- Installing: /home/dlyvern/Projects/cw_serv_ws/install/action_interface/lib/libaction_interface__rosidl_generator_c.so
[3.292s] -- Set runtime path of "/home/dlyvern/Projects/cw_serv_ws/install/action_interface/lib/libaction_interface__rosidl_generator_c.so" to ""
[3.292s] -- Up-to-date: /home/dlyvern/Projects/cw_serv_ws/install/action_interface/include/action_interface/action_interface
[3.292s] -- Up-to-date: /home/dlyvern/Projects/cw_serv_ws/install/action_interface/include/action_interface/action_interface/action
[3.292s] -- Up-to-date: /home/dlyvern/Projects/cw_serv_ws/install/action_interface/include/action_interface/action_interface/action/detail
[3.292s] -- Installing: /home/dlyvern/Projects/cw_serv_ws/install/action_interface/include/action_interface/action_interface/action/detail/cmd__rosidl_typesupport_fastrtps_c.h
[3.292s] -- Up-to-date: /home/dlyvern/Projects/cw_serv_ws/install/action_interface/include/action_interface/action_interface/msg
[3.292s] -- Installing: /home/dlyvern/Projects/cw_serv_ws/install/action_interface/include/action_interface/action_interface/msg/rosidl_typesupport_fastrtps_c__visibility_control.h
[3.292s] -- Installing: /home/dlyvern/Projects/cw_serv_ws/install/action_interface/lib/libaction_interface__rosidl_typesupport_fastrtps_c.so
[3.292s] -- Set runtime path of "/home/dlyvern/Projects/cw_serv_ws/install/action_interface/lib/libaction_interface__rosidl_typesupport_fastrtps_c.so" to ""
[3.292s] -- Up-to-date: /home/dlyvern/Projects/cw_serv_ws/install/action_interface/include/action_interface/action_interface
[3.292s] -- Up-to-date: /home/dlyvern/Projects/cw_serv_ws/install/action_interface/include/action_interface/action_interface/action
[3.292s] -- Up-to-date: /home/dlyvern/Projects/cw_serv_ws/install/action_interface/include/action_interface/action_interface/action/detail
[3.292s] -- Installing: /home/dlyvern/Projects/cw_serv_ws/install/action_interface/include/action_interface/action_interface/action/detail/cmd__rosidl_typesupport_introspection_c.h
[3.292s] -- Installing: /home/dlyvern/Projects/cw_serv_ws/install/action_interface/include/action_interface/action_interface/action/detail/cmd__type_support.c
[3.292s] -- Up-to-date: /home/dlyvern/Projects/cw_serv_ws/install/action_interface/include/action_interface/action_interface/msg
[3.292s] -- Installing: /home/dlyvern/Projects/cw_serv_ws/install/action_interface/include/action_interface/action_interface/msg/rosidl_typesupport_introspection_c__visibility_control.h
[3.292s] -- Installing: /home/dlyvern/Projects/cw_serv_ws/install/action_interface/lib/libaction_interface__rosidl_typesupport_introspection_c.so
[3.292s] -- Set runtime path of "/home/dlyvern/Projects/cw_serv_ws/install/action_interface/lib/libaction_interface__rosidl_typesupport_introspection_c.so" to ""
[3.293s] -- Installing: /home/dlyvern/Projects/cw_serv_ws/install/action_interface/lib/libaction_interface__rosidl_typesupport_c.so
[3.293s] -- Set runtime path of "/home/dlyvern/Projects/cw_serv_ws/install/action_interface/lib/libaction_interface__rosidl_typesupport_c.so" to ""
[3.293s] -- Up-to-date: /home/dlyvern/Projects/cw_serv_ws/install/action_interface/include/action_interface/action_interface
[3.293s] -- Up-to-date: /home/dlyvern/Projects/cw_serv_ws/install/action_interface/include/action_interface/action_interface/action
[3.293s] -- Installing: /home/dlyvern/Projects/cw_serv_ws/install/action_interface/include/action_interface/action_interface/action/cmd.hpp
[3.293s] -- Up-to-date: /home/dlyvern/Projects/cw_serv_ws/install/action_interface/include/action_interface/action_interface/action/detail
[3.293s] -- Installing: /home/dlyvern/Projects/cw_serv_ws/install/action_interface/include/action_interface/action_interface/action/detail/cmd__struct.hpp
[3.293s] -- Installing: /home/dlyvern/Projects/cw_serv_ws/install/action_interface/include/action_interface/action_interface/action/detail/cmd__traits.hpp
[3.293s] -- Installing: /home/dlyvern/Projects/cw_serv_ws/install/action_interface/include/action_interface/action_interface/action/detail/cmd__builder.hpp
[3.293s] -- Up-to-date: /home/dlyvern/Projects/cw_serv_ws/install/action_interface/include/action_interface/action_interface
[3.293s] -- Up-to-date: /home/dlyvern/Projects/cw_serv_ws/install/action_interface/include/action_interface/action_interface/action
[3.293s] -- Up-to-date: /home/dlyvern/Projects/cw_serv_ws/install/action_interface/include/action_interface/action_interface/action/detail
[3.293s] -- Installing: /home/dlyvern/Projects/cw_serv_ws/install/action_interface/include/action_interface/action_interface/action/detail/cmd__rosidl_typesupport_fastrtps_cpp.hpp
[3.293s] -- Installing: /home/dlyvern/Projects/cw_serv_ws/install/action_interface/include/action_interface/action_interface/action/detail/dds_fastrtps
[3.293s] -- Up-to-date: /home/dlyvern/Projects/cw_serv_ws/install/action_interface/include/action_interface/action_interface/msg
[3.293s] -- Installing: /home/dlyvern/Projects/cw_serv_ws/install/action_interface/include/action_interface/action_interface/msg/rosidl_typesupport_fastrtps_cpp__visibility_control.h
[3.293s] -- Installing: /home/dlyvern/Projects/cw_serv_ws/install/action_interface/lib/libaction_interface__rosidl_typesupport_fastrtps_cpp.so
[3.293s] -- Set runtime path of "/home/dlyvern/Projects/cw_serv_ws/install/action_interface/lib/libaction_interface__rosidl_typesupport_fastrtps_cpp.so" to ""
[3.293s] -- Up-to-date: /home/dlyvern/Projects/cw_serv_ws/install/action_interface/include/action_interface/action_interface
[3.293s] -- Up-to-date: /home/dlyvern/Projects/cw_serv_ws/install/action_interface/include/action_interface/action_interface/action
[3.293s] -- Up-to-date: /home/dlyvern/Projects/cw_serv_ws/install/action_interface/include/action_interface/action_interface/action/detail
[3.294s] -- Installing: /home/dlyvern/Projects/cw_serv_ws/install/action_interface/include/action_interface/action_interface/action/detail/cmd__type_support.cpp
[3.294s] -- Installing: /home/dlyvern/Projects/cw_serv_ws/install/action_interface/include/action_interface/action_interface/action/detail/cmd__rosidl_typesupport_introspection_cpp.hpp
[3.294s] -- Installing: /home/dlyvern/Projects/cw_serv_ws/install/action_interface/lib/libaction_interface__rosidl_typesupport_introspection_cpp.so
[3.294s] -- Set runtime path of "/home/dlyvern/Projects/cw_serv_ws/install/action_interface/lib/libaction_interface__rosidl_typesupport_introspection_cpp.so" to ""
[3.294s] -- Installing: /home/dlyvern/Projects/cw_serv_ws/install/action_interface/lib/libaction_interface__rosidl_typesupport_cpp.so
[3.294s] -- Set runtime path of "/home/dlyvern/Projects/cw_serv_ws/install/action_interface/lib/libaction_interface__rosidl_typesupport_cpp.so" to ""
[3.294s] -- Installing: /home/dlyvern/Projects/cw_serv_ws/install/action_interface/share/action_interface/environment/pythonpath.sh
[3.294s] -- Installing: /home/dlyvern/Projects/cw_serv_ws/install/action_interface/share/action_interface/environment/pythonpath.dsv
[3.294s] -- Installing: /home/dlyvern/Projects/cw_serv_ws/install/action_interface/local/lib/python3.10/dist-packages/action_interface-0.0.0-py3.10.egg-info
[3.294s] -- Installing: /home/dlyvern/Projects/cw_serv_ws/install/action_interface/local/lib/python3.10/dist-packages/action_interface-0.0.0-py3.10.egg-info/PKG-INFO
[3.294s] -- Installing: /home/dlyvern/Projects/cw_serv_ws/install/action_interface/local/lib/python3.10/dist-packages/action_interface-0.0.0-py3.10.egg-info/top_level.txt
[3.294s] -- Installing: /home/dlyvern/Projects/cw_serv_ws/install/action_interface/local/lib/python3.10/dist-packages/action_interface-0.0.0-py3.10.egg-info/SOURCES.txt
[3.294s] -- Installing: /home/dlyvern/Projects/cw_serv_ws/install/action_interface/local/lib/python3.10/dist-packages/action_interface-0.0.0-py3.10.egg-info/dependency_links.txt
[3.294s] -- Installing: /home/dlyvern/Projects/cw_serv_ws/install/action_interface/local/lib/python3.10/dist-packages/action_interface
[3.294s] -- Installing: /home/dlyvern/Projects/cw_serv_ws/install/action_interface/local/lib/python3.10/dist-packages/action_interface/libaction_interface__rosidl_generator_py.so
[3.294s] -- Installing: /home/dlyvern/Projects/cw_serv_ws/install/action_interface/local/lib/python3.10/dist-packages/action_interface/action_interface_s__rosidl_typesupport_introspection_c.cpython-310-x86_64-linux-gnu.so
[3.294s] -- Installing: /home/dlyvern/Projects/cw_serv_ws/install/action_interface/local/lib/python3.10/dist-packages/action_interface/_action_interface_s.ep.rosidl_typesupport_c.c
[3.295s] -- Installing: /home/dlyvern/Projects/cw_serv_ws/install/action_interface/local/lib/python3.10/dist-packages/action_interface/action
[3.295s] -- Installing: /home/dlyvern/Projects/cw_serv_ws/install/action_interface/local/lib/python3.10/dist-packages/action_interface/action/_cmd_s.c
[3.295s] -- Installing: /home/dlyvern/Projects/cw_serv_ws/install/action_interface/local/lib/python3.10/dist-packages/action_interface/action/__init__.py
[3.295s] -- Installing: /home/dlyvern/Projects/cw_serv_ws/install/action_interface/local/lib/python3.10/dist-packages/action_interface/action/_cmd.py
[3.295s] -- Installing: /home/dlyvern/Projects/cw_serv_ws/install/action_interface/local/lib/python3.10/dist-packages/action_interface/action_interface_s__rosidl_typesupport_c.cpython-310-x86_64-linux-gnu.so
[3.295s] -- Installing: /home/dlyvern/Projects/cw_serv_ws/install/action_interface/local/lib/python3.10/dist-packages/action_interface/action_interface_s__rosidl_typesupport_fastrtps_c.cpython-310-x86_64-linux-gnu.so
[3.295s] -- Installing: /home/dlyvern/Projects/cw_serv_ws/install/action_interface/local/lib/python3.10/dist-packages/action_interface/_action_interface_s.ep.rosidl_typesupport_introspection_c.c
[3.295s] -- Installing: /home/dlyvern/Projects/cw_serv_ws/install/action_interface/local/lib/python3.10/dist-packages/action_interface/__init__.py
[3.295s] -- Installing: /home/dlyvern/Projects/cw_serv_ws/install/action_interface/local/lib/python3.10/dist-packages/action_interface/_action_interface_s.ep.rosidl_typesupport_fastrtps_c.c
[3.324s] Listing '/home/dlyvern/Projects/cw_serv_ws/install/action_interface/local/lib/python3.10/dist-packages/action_interface'...
[3.324s] Compiling '/home/dlyvern/Projects/cw_serv_ws/install/action_interface/local/lib/python3.10/dist-packages/action_interface/__init__.py'...
[3.324s] Listing '/home/dlyvern/Projects/cw_serv_ws/install/action_interface/local/lib/python3.10/dist-packages/action_interface/action'...
[3.324s] Compiling '/home/dlyvern/Projects/cw_serv_ws/install/action_interface/local/lib/python3.10/dist-packages/action_interface/action/__init__.py'...
[3.324s] Compiling '/home/dlyvern/Projects/cw_serv_ws/install/action_interface/local/lib/python3.10/dist-packages/action_interface/action/_cmd.py'...
[3.327s] -- Installing: /home/dlyvern/Projects/cw_serv_ws/install/action_interface/local/lib/python3.10/dist-packages/action_interface/action_interface_s__rosidl_typesupport_fastrtps_c.cpython-310-x86_64-linux-gnu.so
[3.327s] -- Set runtime path of "/home/dlyvern/Projects/cw_serv_ws/install/action_interface/local/lib/python3.10/dist-packages/action_interface/action_interface_s__rosidl_typesupport_fastrtps_c.cpython-310-x86_64-linux-gnu.so" to ""
[3.327s] -- Installing: /home/dlyvern/Projects/cw_serv_ws/install/action_interface/local/lib/python3.10/dist-packages/action_interface/action_interface_s__rosidl_typesupport_introspection_c.cpython-310-x86_64-linux-gnu.so
[3.327s] -- Set runtime path of "/home/dlyvern/Projects/cw_serv_ws/install/action_interface/local/lib/python3.10/dist-packages/action_interface/action_interface_s__rosidl_typesupport_introspection_c.cpython-310-x86_64-linux-gnu.so" to ""
[3.327s] -- Installing: /home/dlyvern/Projects/cw_serv_ws/install/action_interface/local/lib/python3.10/dist-packages/action_interface/action_interface_s__rosidl_typesupport_c.cpython-310-x86_64-linux-gnu.so
[3.327s] -- Set runtime path of "/home/dlyvern/Projects/cw_serv_ws/install/action_interface/local/lib/python3.10/dist-packages/action_interface/action_interface_s__rosidl_typesupport_c.cpython-310-x86_64-linux-gnu.so" to ""
[3.327s] -- Installing: /home/dlyvern/Projects/cw_serv_ws/install/action_interface/lib/libaction_interface__rosidl_generator_py.so
[3.327s] -- Set runtime path of "/home/dlyvern/Projects/cw_serv_ws/install/action_interface/lib/libaction_interface__rosidl_generator_py.so" to ""
[3.328s] -- Installing: /home/dlyvern/Projects/cw_serv_ws/install/action_interface/share/action_interface/action/Cmd.idl
[3.328s] -- Installing: /home/dlyvern/Projects/cw_serv_ws/install/action_interface/share/action_interface/action/Cmd.action
[3.328s] -- Installing: /home/dlyvern/Projects/cw_serv_ws/install/action_interface/share/ament_index/resource_index/package_run_dependencies/action_interface
[3.328s] -- Installing: /home/dlyvern/Projects/cw_serv_ws/install/action_interface/share/ament_index/resource_index/parent_prefix_path/action_interface
[3.328s] -- Installing: /home/dlyvern/Projects/cw_serv_ws/install/action_interface/share/action_interface/environment/ament_prefix_path.sh
[3.328s] -- Installing: /home/dlyvern/Projects/cw_serv_ws/install/action_interface/share/action_interface/environment/ament_prefix_path.dsv
[3.328s] -- Installing: /home/dlyvern/Projects/cw_serv_ws/install/action_interface/share/action_interface/environment/path.sh
[3.328s] -- Installing: /home/dlyvern/Projects/cw_serv_ws/install/action_interface/share/action_interface/environment/path.dsv
[3.328s] -- Installing: /home/dlyvern/Projects/cw_serv_ws/install/action_interface/share/action_interface/local_setup.bash
[3.328s] -- Installing: /home/dlyvern/Projects/cw_serv_ws/install/action_interface/share/action_interface/local_setup.sh
[3.328s] -- Installing: /home/dlyvern/Projects/cw_serv_ws/install/action_interface/share/action_interface/local_setup.zsh
[3.328s] -- Installing: /home/dlyvern/Projects/cw_serv_ws/install/action_interface/share/action_interface/local_setup.dsv
[3.328s] -- Installing: /home/dlyvern/Projects/cw_serv_ws/install/action_interface/share/action_interface/package.dsv
[3.328s] -- Installing: /home/dlyvern/Projects/cw_serv_ws/install/action_interface/share/ament_index/resource_index/packages/action_interface
[3.328s] -- Installing: /home/dlyvern/Projects/cw_serv_ws/install/action_interface/share/action_interface/cmake/export_action_interface__rosidl_generator_cExport.cmake
[3.328s] -- Installing: /home/dlyvern/Projects/cw_serv_ws/install/action_interface/share/action_interface/cmake/export_action_interface__rosidl_generator_cExport-noconfig.cmake
[3.328s] -- Installing: /home/dlyvern/Projects/cw_serv_ws/install/action_interface/share/action_interface/cmake/export_action_interface__rosidl_typesupport_fastrtps_cExport.cmake
[3.328s] -- Installing: /home/dlyvern/Projects/cw_serv_ws/install/action_interface/share/action_interface/cmake/export_action_interface__rosidl_typesupport_fastrtps_cExport-noconfig.cmake
[3.329s] -- Installing: /home/dlyvern/Projects/cw_serv_ws/install/action_interface/share/action_interface/cmake/action_interface__rosidl_typesupport_introspection_cExport.cmake
[3.329s] -- Installing: /home/dlyvern/Projects/cw_serv_ws/install/action_interface/share/action_interface/cmake/action_interface__rosidl_typesupport_introspection_cExport-noconfig.cmake
[3.329s] -- Installing: /home/dlyvern/Projects/cw_serv_ws/install/action_interface/share/action_interface/cmake/action_interface__rosidl_typesupport_cExport.cmake
[3.329s] -- Installing: /home/dlyvern/Projects/cw_serv_ws/install/action_interface/share/action_interface/cmake/action_interface__rosidl_typesupport_cExport-noconfig.cmake
[3.329s] -- Installing: /home/dlyvern/Projects/cw_serv_ws/install/action_interface/share/action_interface/cmake/export_action_interface__rosidl_generator_cppExport.cmake
[3.329s] -- Installing: /home/dlyvern/Projects/cw_serv_ws/install/action_interface/share/action_interface/cmake/export_action_interface__rosidl_typesupport_fastrtps_cppExport.cmake
[3.329s] -- Installing: /home/dlyvern/Projects/cw_serv_ws/install/action_interface/share/action_interface/cmake/export_action_interface__rosidl_typesupport_fastrtps_cppExport-noconfig.cmake
[3.329s] -- Installing: /home/dlyvern/Projects/cw_serv_ws/install/action_interface/share/action_interface/cmake/action_interface__rosidl_typesupport_introspection_cppExport.cmake
[3.329s] -- Installing: /home/dlyvern/Projects/cw_serv_ws/install/action_interface/share/action_interface/cmake/action_interface__rosidl_typesupport_introspection_cppExport-noconfig.cmake
[3.329s] -- Installing: /home/dlyvern/Projects/cw_serv_ws/install/action_interface/share/action_interface/cmake/action_interface__rosidl_typesupport_cppExport.cmake
[3.329s] -- Installing: /home/dlyvern/Projects/cw_serv_ws/install/action_interface/share/action_interface/cmake/action_interface__rosidl_typesupport_cppExport-noconfig.cmake
[3.329s] -- Installing: /home/dlyvern/Projects/cw_serv_ws/install/action_interface/share/action_interface/cmake/export_action_interface__rosidl_generator_pyExport.cmake
[3.329s] -- Installing: /home/dlyvern/Projects/cw_serv_ws/install/action_interface/share/action_interface/cmake/export_action_interface__rosidl_generator_pyExport-noconfig.cmake
[3.329s] -- Installing: /home/dlyvern/Projects/cw_serv_ws/install/action_interface/share/action_interface/cmake/rosidl_cmake-extras.cmake
[3.329s] -- Installing: /home/dlyvern/Projects/cw_serv_ws/install/action_interface/share/action_interface/cmake/ament_cmake_export_dependencies-extras.cmake
[3.329s] -- Installing: /home/dlyvern/Projects/cw_serv_ws/install/action_interface/share/action_interface/cmake/ament_cmake_export_include_directories-extras.cmake
[3.330s] -- Installing: /home/dlyvern/Projects/cw_serv_ws/install/action_interface/share/action_interface/cmake/ament_cmake_export_libraries-extras.cmake
[3.330s] -- Installing: /home/dlyvern/Projects/cw_serv_ws/install/action_interface/share/action_interface/cmake/ament_cmake_export_targets-extras.cmake
[3.330s] -- Installing: /home/dlyvern/Projects/cw_serv_ws/install/action_interface/share/action_interface/cmake/rosidl_cmake_export_typesupport_targets-extras.cmake
[3.330s] -- Installing: /home/dlyvern/Projects/cw_serv_ws/install/action_interface/share/action_interface/cmake/rosidl_cmake_export_typesupport_libraries-extras.cmake
[3.330s] -- Installing: /home/dlyvern/Projects/cw_serv_ws/install/action_interface/share/action_interface/cmake/action_interfaceConfig.cmake
[3.330s] -- Installing: /home/dlyvern/Projects/cw_serv_ws/install/action_interface/share/action_interface/cmake/action_interfaceConfig-version.cmake
[3.330s] -- Installing: /home/dlyvern/Projects/cw_serv_ws/install/action_interface/share/action_interface/package.xml
[3.332s] Invoked command in '/home/dlyvern/Projects/cw_serv_ws/build/action_interface' returned '0': CMAKE_PREFIX_PATH=/opt/ros/humble /usr/bin/cmake --install /home/dlyvern/Projects/cw_serv_ws/build/action_interface
