[  7%] [34m[1mAutomatic MOC and UIC for target cw_serv[0m
[  7%] Built target cw_serv_autogen
[35m[1mConsolidate compiler generated dependencies of target cw_serv[0m
[ 15%] [32mBuilding CXX object CMakeFiles/cw_serv.dir/src/main.cpp.o[0m
[ 30%] [32mBuilding CXX object CMakeFiles/cw_serv.dir/src/modules/Module.cpp.o[0m
[ 30%] [32mBuilding CXX object CMakeFiles/cw_serv.dir/src/modules/Logger.cpp.o[0m
[ 38%] [32mBuilding CXX object CMakeFiles/cw_serv.dir/src/modules/TCPServer.cpp.o[0m
[ 46%] [32mBuilding CXX object CMakeFiles/cw_serv.dir/src/modules/ServerParts/TCPClient.cpp.o[0m
[01m[K/home/dlyvern/Projects/cw_serv_ws/src/cw_serv/src/modules/TCPServer.cpp:[m[K In member function ‘[01m[Kvirtual void TCPServer::Start()[m[K’:
[01m[K/home/dlyvern/Projects/cw_serv_ws/src/cw_serv/src/modules/TCPServer.cpp:37:1:[m[K [01;31m[Kerror: [m[Kversion control conflict marker in file
   37 | [01;31m[K<<<<<<<[m[K HEAD
      | [01;31m[K^~~~~~~[m[K
[01m[K/home/dlyvern/Projects/cw_serv_ws/src/cw_serv/src/modules/TCPServer.cpp:38:3:[m[K [01;31m[Kerror: [m[Kexpected primary-expression before ‘[01m[K==[m[K’ token
   38 | ==[01;31m[K==[m[K===
      |   [01;31m[K^~[m[K
[01m[K/home/dlyvern/Projects/cw_serv_ws/src/cw_serv/src/modules/TCPServer.cpp:38:5:[m[K [01;31m[Kerror: [m[Kexpected primary-expression before ‘[01m[K==[m[K’ token
   38 | ====[01;31m[K==[m[K=
      |     [01;31m[K^~[m[K
[01m[K/home/dlyvern/Projects/cw_serv_ws/src/cw_serv/src/modules/TCPServer.cpp:38:7:[m[K [01;31m[Kerror: [m[Kexpected primary-expression before ‘[01m[K=[m[K’ token
   38 | ======[01;31m[K=[m[K
      |       [01;31m[K^[m[K
[01m[K/home/dlyvern/Projects/cw_serv_ws/src/cw_serv/src/modules/TCPServer.cpp:50:5:[m[K [01;31m[Kerror: [m[K‘[01m[Km_RunTimer[m[K’ was not declared in this scope
   50 |     [01;31m[Km_RunTimer[m[K = new QTimer();
      |     [01;31m[K^~~~~~~~~~[m[K
[01m[K/home/dlyvern/Projects/cw_serv_ws/src/cw_serv/src/modules/TCPServer.cpp:[m[K At global scope:
[01m[K/home/dlyvern/Projects/cw_serv_ws/src/cw_serv/src/modules/TCPServer.cpp:55:6:[m[K [01;31m[Kerror: [m[Kredefinition of ‘[01m[Kvoid TCPServer::Start()[m[K’
   55 | void [01;31m[KTCPServer[m[K::Start()
      |      [01;31m[K^~~~~~~~~[m[K
[01m[K/home/dlyvern/Projects/cw_serv_ws/src/cw_serv/src/modules/TCPServer.cpp:20:6:[m[K [01;36m[Knote: [m[K‘[01m[Kvirtual void TCPServer::Start()[m[K’ previously defined here
   20 | void [01;36m[KTCPServer[m[K::Start()
      |      [01;36m[K^~~~~~~~~[m[K
[01m[K/home/dlyvern/Projects/cw_serv_ws/src/cw_serv/src/modules/TCPServer.cpp:[m[K In destructor ‘[01m[Kvirtual TCPServer::~TCPServer()[m[K’:
[01m[K/home/dlyvern/Projects/cw_serv_ws/src/cw_serv/src/modules/TCPServer.cpp:147:1:[m[K [01;31m[Kerror: [m[Kversion control conflict marker in file
  147 | [01;31m[K<<<<<<<[m[K HEAD
      | [01;31m[K^~~~~~~[m[K
[01m[K/home/dlyvern/Projects/cw_serv_ws/src/cw_serv/src/modules/TCPServer.cpp:[m[K At global scope:
[01m[K/home/dlyvern/Projects/cw_serv_ws/src/cw_serv/src/modules/TCPServer.cpp:154:1:[m[K [01;31m[Kerror: [m[Kversion control conflict marker in file
  154 | [01;31m[K=======[m[K
      | [01;31m[K^~~~~~~[m[K
[01m[K/home/dlyvern/Projects/cw_serv_ws/src/cw_serv/src/modules/TCPServer.cpp:156:1:[m[K [01;31m[Kerror: [m[Kexpected declaration before ‘[01m[K}[m[K’ token
  156 | [01;31m[K}[m[K
      | [01;31m[K^[m[K
[01m[K/home/dlyvern/Projects/cw_serv_ws/src/cw_serv/src/modules/TCPServer.cpp:157:1:[m[K [01;31m[Kerror: [m[Kversion control conflict marker in file
  157 | [01;31m[K>>>>>>>[m[K refs/remotes/origin/New
      | [01;31m[K^~~~~~~[m[K
[01m[K/home/dlyvern/Projects/cw_serv_ws/src/cw_serv/src/main.cpp:[m[K In function ‘[01m[Kint main(int, char**)[m[K’:
[01m[K/home/dlyvern/Projects/cw_serv_ws/src/cw_serv/src/main.cpp:85:1:[m[K [01;31m[Kerror: [m[Kversion control conflict marker in file
   85 | [01;31m[K<<<<<<<[m[K HEAD
      | [01;31m[K^~~~~~~[m[K
[01m[K/home/dlyvern/Projects/cw_serv_ws/src/cw_serv/src/main.cpp:92:6:[m[K [01;31m[Kerror: [m[Kexpected primary-expression before ‘[01m[K)[m[K’ token
   92 |     }[01;31m[K)[m[K.detach();
      |      [01;31m[K^[m[K
[01m[K/home/dlyvern/Projects/cw_serv_ws/src/cw_serv/src/main.cpp:93:1:[m[K [01;31m[Kerror: [m[Kversion control conflict marker in file
   93 | [01;31m[K=======[m[K
      | [01;31m[K^~~~~~~[m[K
[01m[K/home/dlyvern/Projects/cw_serv_ws/src/cw_serv/src/main.cpp:94:62:[m[K [01;31m[Kerror: [m[Kexpected primary-expression before ‘[01m[K)[m[K’ token
   94 |     spin_thread = std::thread([&]{SpinNodes(multi_executor);}[01;31m[K)[m[K;
      |                                                              [01;31m[K^[m[K
[01m[K/home/dlyvern/Projects/cw_serv_ws/src/cw_serv/src/main.cpp:96:1:[m[K [01;31m[Kerror: [m[Kversion control conflict marker in file
   96 | [01;31m[K>>>>>>>[m[K refs/remotes/origin/New
      | [01;31m[K^~~~~~~[m[K
[01m[K/home/dlyvern/Projects/cw_serv_ws/src/cw_serv/src/main.cpp:102:12:[m[K [01;31m[Kerror: [m[K‘[01m[Kreturn_value[m[K’ was not declared in this scope
  102 |     return [01;31m[Kreturn_value[m[K;
      |            [01;31m[K^~~~~~~~~~~~[m[K
gmake[2]: *** [CMakeFiles/cw_serv.dir/build.make:174: CMakeFiles/cw_serv.dir/src/modules/TCPServer.cpp.o] Error 1
gmake[2]: *** Waiting for unfinished jobs....
gmake[2]: *** [CMakeFiles/cw_serv.dir/build.make:90: CMakeFiles/cw_serv.dir/src/main.cpp.o] Error 1
gmake[1]: *** [CMakeFiles/Makefile2:138: CMakeFiles/cw_serv.dir/all] Error 2
gmake: *** [Makefile:146: all] Error 2
