[0.050s] Invoking command in '/home/dlyvern/Projects/cw_serv_ws/build/cw_serv': CMAKE_PREFIX_PATH=/home/dlyvern/Projects/cw_serv_ws/install/action_interface:/home/dlyvern/Projects/cw_serv_ws/install/cw_serv:/opt/ros/humble /usr/bin/cmake --build /home/dlyvern/Projects/cw_serv_ws/build/cw_serv -- -j12 -l12
[0.101s] [  7%] [34m[1mAutomatic MOC and UIC for target cw_serv[0m
[0.130s] [  7%] Built target cw_serv_autogen
[0.151s] [35m[1mConsolidate compiler generated dependencies of target cw_serv[0m
[0.180s] [ 15%] [32mBuilding CXX object CMakeFiles/cw_serv.dir/src/main.cpp.o[0m
[0.180s] [ 23%] [32mBuilding CXX object CMakeFiles/cw_serv.dir/src/modules/TCPServer.cpp.o[0m
[3.337s] [ 30%] [32m[1mLinking CXX executable cw_serv[0m
[4.199s] [100%] Built target cw_serv
[4.206s] Invoked command in '/home/dlyvern/Projects/cw_serv_ws/build/cw_serv' returned '0': CMAKE_PREFIX_PATH=/home/dlyvern/Projects/cw_serv_ws/install/action_interface:/home/dlyvern/Projects/cw_serv_ws/install/cw_serv:/opt/ros/humble /usr/bin/cmake --build /home/dlyvern/Projects/cw_serv_ws/build/cw_serv -- -j12 -l12
[4.235s] Invoking command in '/home/dlyvern/Projects/cw_serv_ws/build/cw_serv': CMAKE_PREFIX_PATH=/home/dlyvern/Projects/cw_serv_ws/install/action_interface:/home/dlyvern/Projects/cw_serv_ws/install/cw_serv:/opt/ros/humble /usr/bin/cmake --install /home/dlyvern/Projects/cw_serv_ws/build/cw_serv
[4.240s] -- Install configuration: ""
[4.240s] -- Installing: /home/dlyvern/Projects/cw_serv_ws/install/cw_serv/lib/cw_serv/cw_serv
[4.244s] -- Set runtime path of "/home/dlyvern/Projects/cw_serv_ws/install/cw_serv/lib/cw_serv/cw_serv" to ""
[4.244s] -- Up-to-date: /home/dlyvern/Projects/cw_serv_ws/install/cw_serv/share/cw_serv/launch
[4.244s] -- Installing: /home/dlyvern/Projects/cw_serv_ws/install/cw_serv/share/cw_serv/launch/cw_serv_launch.py
[4.244s] -- Up-to-date: /home/dlyvern/Projects/cw_serv_ws/install/cw_serv/share/cw_serv/launch/settings_for_launch_file
[4.244s] -- Up-to-date: /home/dlyvern/Projects/cw_serv_ws/install/cw_serv/share/cw_serv/launch/settings_for_launch_file/main_settings.ini
[4.244s] -- Up-to-date: /home/dlyvern/Projects/cw_serv_ws/install/cw_serv/share/ament_index/resource_index/package_run_dependencies/cw_serv
[4.244s] -- Up-to-date: /home/dlyvern/Projects/cw_serv_ws/install/cw_serv/share/ament_index/resource_index/parent_prefix_path/cw_serv
[4.244s] -- Up-to-date: /home/dlyvern/Projects/cw_serv_ws/install/cw_serv/share/cw_serv/environment/ament_prefix_path.sh
[4.244s] -- Up-to-date: /home/dlyvern/Projects/cw_serv_ws/install/cw_serv/share/cw_serv/environment/ament_prefix_path.dsv
[4.244s] -- Up-to-date: /home/dlyvern/Projects/cw_serv_ws/install/cw_serv/share/cw_serv/environment/path.sh
[4.244s] -- Up-to-date: /home/dlyvern/Projects/cw_serv_ws/install/cw_serv/share/cw_serv/environment/path.dsv
[4.244s] -- Up-to-date: /home/dlyvern/Projects/cw_serv_ws/install/cw_serv/share/cw_serv/local_setup.bash
[4.244s] -- Up-to-date: /home/dlyvern/Projects/cw_serv_ws/install/cw_serv/share/cw_serv/local_setup.sh
[4.244s] -- Up-to-date: /home/dlyvern/Projects/cw_serv_ws/install/cw_serv/share/cw_serv/local_setup.zsh
[4.244s] -- Up-to-date: /home/dlyvern/Projects/cw_serv_ws/install/cw_serv/share/cw_serv/local_setup.dsv
[4.245s] -- Installing: /home/dlyvern/Projects/cw_serv_ws/install/cw_serv/share/cw_serv/package.dsv
[4.245s] -- Up-to-date: /home/dlyvern/Projects/cw_serv_ws/install/cw_serv/share/ament_index/resource_index/packages/cw_serv
[4.245s] -- Up-to-date: /home/dlyvern/Projects/cw_serv_ws/install/cw_serv/share/cw_serv/cmake/CMakeConfix.cmake
[4.245s] -- Up-to-date: /home/dlyvern/Projects/cw_serv_ws/install/cw_serv/share/cw_serv/cmake/cw_servConfig.cmake
[4.245s] -- Up-to-date: /home/dlyvern/Projects/cw_serv_ws/install/cw_serv/share/cw_serv/cmake/cw_servConfig-version.cmake
[4.245s] -- Up-to-date: /home/dlyvern/Projects/cw_serv_ws/install/cw_serv/share/cw_serv/package.xml
[4.246s] Invoked command in '/home/dlyvern/Projects/cw_serv_ws/build/cw_serv' returned '0': CMAKE_PREFIX_PATH=/home/dlyvern/Projects/cw_serv_ws/install/action_interface:/home/dlyvern/Projects/cw_serv_ws/install/cw_serv:/opt/ros/humble /usr/bin/cmake --install /home/dlyvern/Projects/cw_serv_ws/build/cw_serv
