[0.036s] Invoking command in '/home/dlyvern/Projects/cw_serv_ws/build/cw_serv': AMENT_PREFIX_PATH=/home/dlyvern/Projects/cw_serv_ws/install/action_interface:${AMENT_PREFIX_PATH} CMAKE_PREFIX_PATH=/home/dlyvern/Projects/cw_serv_ws/install/action_interface:/opt/ros/humble LD_LIBRARY_PATH=/home/dlyvern/Projects/cw_serv_ws/install/action_interface/lib:${LD_LIBRARY_PATH} PYTHONPATH=/home/dlyvern/Projects/cw_serv_ws/install/action_interface/local/lib/python3.10/dist-packages:${PYTHONPATH} /usr/bin/cmake /home/dlyvern/Projects/cw_serv_ws/src/cw_serv -DCMAKE_INSTALL_PREFIX=/home/dlyvern/Projects/cw_serv_ws/install/cw_serv
[0.079s] -- The C compiler identification is GNU 11.4.0
[0.135s] -- The CXX compiler identification is GNU 11.4.0
[0.139s] -- Detecting C compiler ABI info
[0.204s] -- Detecting C compiler ABI info - done
[0.209s] -- Check for working C compiler: /usr/bin/cc - skipped
[0.209s] -- Detecting C compile features
[0.209s] -- Detecting C compile features - done
[0.212s] -- Detecting CXX compiler ABI info
[0.283s] -- Detecting CXX compiler ABI info - done
[0.289s] -- Check for working CXX compiler: /usr/bin/c++ - skipped
[0.289s] -- Detecting CXX compile features
[0.290s] -- Detecting CXX compile features - done
[0.296s] -- Found Boost: /usr/lib/x86_64-linux-gnu/cmake/Boost-1.74.0/BoostConfig.cmake (found version "1.74.0") found components: filesystem 
[0.297s] -- Found ament_cmake: 1.3.5 (/opt/ros/humble/share/ament_cmake/cmake)
[0.525s] -- Found Python3: /usr/bin/python3.10 (found version "3.10.12") found components: Interpreter 
[0.575s] -- Found rclcpp: 16.0.6 (/opt/ros/humble/share/rclcpp/cmake)
[0.598s] -- Found rosidl_generator_c: 3.1.5 (/opt/ros/humble/share/rosidl_generator_c/cmake)
[0.601s] -- Found rosidl_adapter: 3.1.5 (/opt/ros/humble/share/rosidl_adapter/cmake)
[0.606s] -- Found rosidl_generator_cpp: 3.1.5 (/opt/ros/humble/share/rosidl_generator_cpp/cmake)
[0.613s] -- Using all available rosidl_typesupport_c: rosidl_typesupport_fastrtps_c;rosidl_typesupport_introspection_c
[0.624s] -- Using all available rosidl_typesupport_cpp: rosidl_typesupport_fastrtps_cpp;rosidl_typesupport_introspection_cpp
[0.665s] -- Found rmw_implementation_cmake: 6.1.1 (/opt/ros/humble/share/rmw_implementation_cmake/cmake)
[0.666s] -- Found rmw_fastrtps_cpp: 6.2.4 (/opt/ros/humble/share/rmw_fastrtps_cpp/cmake)
[0.723s] -- Found OpenSSL: /usr/lib/x86_64-linux-gnu/libcrypto.so (found version "3.0.2")  
[0.740s] -- Found FastRTPS: /opt/ros/humble/include  
[0.769s] -- Using RMW implementation 'rmw_fastrtps_cpp' as default
[0.779s] -- Looking for pthread.h
[0.844s] -- Looking for pthread.h - found
[0.844s] -- Performing Test CMAKE_HAVE_LIBC_PTHREAD
[0.924s] -- Performing Test CMAKE_HAVE_LIBC_PTHREAD - Success
[0.924s] -- Found Threads: TRUE  
[1.021s] -- Found rclcpp_action: 16.0.6 (/opt/ros/humble/share/rclcpp_action/cmake)
[1.078s] -- Found rclcpp_components: 16.0.6 (/opt/ros/humble/share/rclcpp_components/cmake)
[1.118s] -- Found action_interface: 0.0.0 (/home/dlyvern/Projects/cw_serv_ws/install/action_interface/share/action_interface/cmake)
[1.169s] -- Found ament_lint_auto: 0.12.8 (/opt/ros/humble/share/ament_lint_auto/cmake)
[1.219s] -- Added test 'cppcheck' to perform static code analysis on C / C++ code
[1.219s] -- Configured cppcheck include dirs: $<BUILD_INTERFACE:/home/dlyvern/Projects/cw_serv_ws/src/cw_serv/include/cw_serv>
[1.219s] -- Configured cppcheck exclude dirs and/or files: 
[1.221s] -- Added test 'lint_cmake' to check CMake code style
[1.225s] -- Added test 'uncrustify' to check C / C++ code style
[1.225s] -- Configured uncrustify additional arguments: 
[1.226s] -- Added test 'xmllint' to check XML markup files
[1.226s] -- Configuring done
[1.354s] -- Generating done
[1.356s] -- Build files have been written to: /home/dlyvern/Projects/cw_serv_ws/build/cw_serv
[1.364s] Invoked command in '/home/dlyvern/Projects/cw_serv_ws/build/cw_serv' returned '0': AMENT_PREFIX_PATH=/home/dlyvern/Projects/cw_serv_ws/install/action_interface:${AMENT_PREFIX_PATH} CMAKE_PREFIX_PATH=/home/dlyvern/Projects/cw_serv_ws/install/action_interface:/opt/ros/humble LD_LIBRARY_PATH=/home/dlyvern/Projects/cw_serv_ws/install/action_interface/lib:${LD_LIBRARY_PATH} PYTHONPATH=/home/dlyvern/Projects/cw_serv_ws/install/action_interface/local/lib/python3.10/dist-packages:${PYTHONPATH} /usr/bin/cmake /home/dlyvern/Projects/cw_serv_ws/src/cw_serv -DCMAKE_INSTALL_PREFIX=/home/dlyvern/Projects/cw_serv_ws/install/cw_serv
[1.365s] Invoking command in '/home/dlyvern/Projects/cw_serv_ws/build/cw_serv': AMENT_PREFIX_PATH=/home/dlyvern/Projects/cw_serv_ws/install/action_interface:${AMENT_PREFIX_PATH} CMAKE_PREFIX_PATH=/home/dlyvern/Projects/cw_serv_ws/install/action_interface:/opt/ros/humble LD_LIBRARY_PATH=/home/dlyvern/Projects/cw_serv_ws/install/action_interface/lib:${LD_LIBRARY_PATH} PYTHONPATH=/home/dlyvern/Projects/cw_serv_ws/install/action_interface/local/lib/python3.10/dist-packages:${PYTHONPATH} /usr/bin/cmake --build /home/dlyvern/Projects/cw_serv_ws/build/cw_serv -- -j12 -l12
[1.403s] [  7%] [34m[1mAutomatic MOC and UIC for target cw_serv[0m
[1.719s] [  7%] Built target cw_serv_autogen
[1.733s] [ 15%] [32mBuilding CXX object CMakeFiles/cw_serv.dir/src/modules/ServerParts/ClientManager.cpp.o[0m
[1.733s] [ 23%] [32mBuilding CXX object CMakeFiles/cw_serv.dir/cw_serv_autogen/mocs_compilation.cpp.o[0m
[1.734s] [ 38%] [32mBuilding CXX object CMakeFiles/cw_serv.dir/src/main.cpp.o[0m
[1.734s] [ 38%] [32mBuilding CXX object CMakeFiles/cw_serv.dir/src/actions/ActionClient.cpp.o[0m
[1.734s] [ 46%] [32mBuilding CXX object CMakeFiles/cw_serv.dir/src/actions/ActionServer.cpp.o[0m
[1.734s] [ 53%] [32mBuilding CXX object CMakeFiles/cw_serv.dir/src/cw_structs/Command.cpp.o[0m
[1.734s] [ 61%] [32mBuilding CXX object CMakeFiles/cw_serv.dir/src/modules/Logger.cpp.o[0m
[1.734s] [ 69%] [32mBuilding CXX object CMakeFiles/cw_serv.dir/src/modules/Module.cpp.o[0m
[1.734s] [ 76%] [32mBuilding CXX object CMakeFiles/cw_serv.dir/src/modules/TCPServer.cpp.o[0m
[1.735s] [ 92%] [32mBuilding CXX object CMakeFiles/cw_serv.dir/src/modules/ServerParts/TCPClient.cpp.o[0m
[1.735s] [ 92%] [32mBuilding CXX object CMakeFiles/cw_serv.dir/src/modules/ServerParts/Packet.cpp.o[0m
[8.942s] [100%] [32m[1mLinking CXX executable cw_serv[0m
[9.835s] [100%] Built target cw_serv
[9.841s] Invoked command in '/home/dlyvern/Projects/cw_serv_ws/build/cw_serv' returned '0': AMENT_PREFIX_PATH=/home/dlyvern/Projects/cw_serv_ws/install/action_interface:${AMENT_PREFIX_PATH} CMAKE_PREFIX_PATH=/home/dlyvern/Projects/cw_serv_ws/install/action_interface:/opt/ros/humble LD_LIBRARY_PATH=/home/dlyvern/Projects/cw_serv_ws/install/action_interface/lib:${LD_LIBRARY_PATH} PYTHONPATH=/home/dlyvern/Projects/cw_serv_ws/install/action_interface/local/lib/python3.10/dist-packages:${PYTHONPATH} /usr/bin/cmake --build /home/dlyvern/Projects/cw_serv_ws/build/cw_serv -- -j12 -l12
[9.907s] Invoking command in '/home/dlyvern/Projects/cw_serv_ws/build/cw_serv': AMENT_PREFIX_PATH=/home/dlyvern/Projects/cw_serv_ws/install/action_interface:${AMENT_PREFIX_PATH} CMAKE_PREFIX_PATH=/home/dlyvern/Projects/cw_serv_ws/install/action_interface:/opt/ros/humble LD_LIBRARY_PATH=/home/dlyvern/Projects/cw_serv_ws/install/action_interface/lib:${LD_LIBRARY_PATH} PYTHONPATH=/home/dlyvern/Projects/cw_serv_ws/install/action_interface/local/lib/python3.10/dist-packages:${PYTHONPATH} /usr/bin/cmake --install /home/dlyvern/Projects/cw_serv_ws/build/cw_serv
[9.924s] -- Install configuration: ""
[9.924s] -- Installing: /home/dlyvern/Projects/cw_serv_ws/install/cw_serv/lib/cw_serv/cw_serv
[9.930s] -- Set runtime path of "/home/dlyvern/Projects/cw_serv_ws/install/cw_serv/lib/cw_serv/cw_serv" to ""
[9.930s] -- Installing: /home/dlyvern/Projects/cw_serv_ws/install/cw_serv/share/ament_index/resource_index/package_run_dependencies/cw_serv
[9.930s] -- Installing: /home/dlyvern/Projects/cw_serv_ws/install/cw_serv/share/ament_index/resource_index/parent_prefix_path/cw_serv
[9.930s] -- Installing: /home/dlyvern/Projects/cw_serv_ws/install/cw_serv/share/cw_serv/environment/ament_prefix_path.sh
[9.930s] -- Installing: /home/dlyvern/Projects/cw_serv_ws/install/cw_serv/share/cw_serv/environment/ament_prefix_path.dsv
[9.930s] -- Installing: /home/dlyvern/Projects/cw_serv_ws/install/cw_serv/share/cw_serv/environment/path.sh
[9.930s] -- Installing: /home/dlyvern/Projects/cw_serv_ws/install/cw_serv/share/cw_serv/environment/path.dsv
[9.930s] -- Installing: /home/dlyvern/Projects/cw_serv_ws/install/cw_serv/share/cw_serv/local_setup.bash
[9.930s] -- Installing: /home/dlyvern/Projects/cw_serv_ws/install/cw_serv/share/cw_serv/local_setup.sh
[9.930s] -- Installing: /home/dlyvern/Projects/cw_serv_ws/install/cw_serv/share/cw_serv/local_setup.zsh
[9.930s] -- Installing: /home/dlyvern/Projects/cw_serv_ws/install/cw_serv/share/cw_serv/local_setup.dsv
[9.930s] -- Installing: /home/dlyvern/Projects/cw_serv_ws/install/cw_serv/share/cw_serv/package.dsv
[9.930s] -- Installing: /home/dlyvern/Projects/cw_serv_ws/install/cw_serv/share/ament_index/resource_index/packages/cw_serv
[9.930s] -- Installing: /home/dlyvern/Projects/cw_serv_ws/install/cw_serv/share/cw_serv/cmake/CMakeConfix.cmake
[9.930s] -- Installing: /home/dlyvern/Projects/cw_serv_ws/install/cw_serv/share/cw_serv/cmake/cw_servConfig.cmake
[9.930s] -- Installing: /home/dlyvern/Projects/cw_serv_ws/install/cw_serv/share/cw_serv/cmake/cw_servConfig-version.cmake
[9.930s] -- Installing: /home/dlyvern/Projects/cw_serv_ws/install/cw_serv/share/cw_serv/package.xml
[9.932s] Invoked command in '/home/dlyvern/Projects/cw_serv_ws/build/cw_serv' returned '0': AMENT_PREFIX_PATH=/home/dlyvern/Projects/cw_serv_ws/install/action_interface:${AMENT_PREFIX_PATH} CMAKE_PREFIX_PATH=/home/dlyvern/Projects/cw_serv_ws/install/action_interface:/opt/ros/humble LD_LIBRARY_PATH=/home/dlyvern/Projects/cw_serv_ws/install/action_interface/lib:${LD_LIBRARY_PATH} PYTHONPATH=/home/dlyvern/Projects/cw_serv_ws/install/action_interface/local/lib/python3.10/dist-packages:${PYTHONPATH} /usr/bin/cmake --install /home/dlyvern/Projects/cw_serv_ws/build/cw_serv
