[0.048s] Invoking command in '/home/dlyvern/Projects/cw_serv_ws/build/cw_serv': CMAKE_PREFIX_PATH=/home/dlyvern/Projects/cw_serv_ws/install/action_interface:/home/dlyvern/Projects/cw_serv_ws/install/cw_serv:/opt/ros/humble /usr/bin/cmake --build /home/dlyvern/Projects/cw_serv_ws/build/cw_serv -- -j12 -l12
[0.084s] [  7%] [34m[1mAutomatic MOC and UIC for target cw_serv[0m
[0.114s] [  7%] Built target cw_serv_autogen
[0.149s] [100%] Built target cw_serv
[0.159s] Invoked command in '/home/dlyvern/Projects/cw_serv_ws/build/cw_serv' returned '0': CMAKE_PREFIX_PATH=/home/dlyvern/Projects/cw_serv_ws/install/action_interface:/home/dlyvern/Projects/cw_serv_ws/install/cw_serv:/opt/ros/humble /usr/bin/cmake --build /home/dlyvern/Projects/cw_serv_ws/build/cw_serv -- -j12 -l12
[0.239s] Invoking command in '/home/dlyvern/Projects/cw_serv_ws/build/cw_serv': CMAKE_PREFIX_PATH=/home/dlyvern/Projects/cw_serv_ws/install/action_interface:/home/dlyvern/Projects/cw_serv_ws/install/cw_serv:/opt/ros/humble /usr/bin/cmake --install /home/dlyvern/Projects/cw_serv_ws/build/cw_serv
[0.253s] -- Install configuration: ""
[0.253s] -- Up-to-date: /home/dlyvern/Projects/cw_serv_ws/install/cw_serv/lib/cw_serv/cw_serv
[0.253s] -- Up-to-date: /home/dlyvern/Projects/cw_serv_ws/install/cw_serv/share/cw_serv/launch
[0.253s] -- Installing: /home/dlyvern/Projects/cw_serv_ws/install/cw_serv/share/cw_serv/launch/cw_serv_launch.py
[0.253s] -- Installing: /home/dlyvern/Projects/cw_serv_ws/install/cw_serv/share/cw_serv/launch/settings_for_launch_file
[0.253s] -- Installing: /home/dlyvern/Projects/cw_serv_ws/install/cw_serv/share/cw_serv/launch/settings_for_launch_file/main_settings.ini
[0.253s] -- Up-to-date: /home/dlyvern/Projects/cw_serv_ws/install/cw_serv/share/ament_index/resource_index/package_run_dependencies/cw_serv
[0.253s] -- Up-to-date: /home/dlyvern/Projects/cw_serv_ws/install/cw_serv/share/ament_index/resource_index/parent_prefix_path/cw_serv
[0.253s] -- Up-to-date: /home/dlyvern/Projects/cw_serv_ws/install/cw_serv/share/cw_serv/environment/ament_prefix_path.sh
[0.253s] -- Up-to-date: /home/dlyvern/Projects/cw_serv_ws/install/cw_serv/share/cw_serv/environment/ament_prefix_path.dsv
[0.253s] -- Up-to-date: /home/dlyvern/Projects/cw_serv_ws/install/cw_serv/share/cw_serv/environment/path.sh
[0.253s] -- Up-to-date: /home/dlyvern/Projects/cw_serv_ws/install/cw_serv/share/cw_serv/environment/path.dsv
[0.254s] -- Up-to-date: /home/dlyvern/Projects/cw_serv_ws/install/cw_serv/share/cw_serv/local_setup.bash
[0.254s] -- Up-to-date: /home/dlyvern/Projects/cw_serv_ws/install/cw_serv/share/cw_serv/local_setup.sh
[0.254s] -- Up-to-date: /home/dlyvern/Projects/cw_serv_ws/install/cw_serv/share/cw_serv/local_setup.zsh
[0.254s] -- Up-to-date: /home/dlyvern/Projects/cw_serv_ws/install/cw_serv/share/cw_serv/local_setup.dsv
[0.254s] -- Installing: /home/dlyvern/Projects/cw_serv_ws/install/cw_serv/share/cw_serv/package.dsv
[0.254s] -- Up-to-date: /home/dlyvern/Projects/cw_serv_ws/install/cw_serv/share/ament_index/resource_index/packages/cw_serv
[0.254s] -- Up-to-date: /home/dlyvern/Projects/cw_serv_ws/install/cw_serv/share/cw_serv/cmake/CMakeConfix.cmake
[0.254s] -- Up-to-date: /home/dlyvern/Projects/cw_serv_ws/install/cw_serv/share/cw_serv/cmake/cw_servConfig.cmake
[0.254s] -- Up-to-date: /home/dlyvern/Projects/cw_serv_ws/install/cw_serv/share/cw_serv/cmake/cw_servConfig-version.cmake
[0.254s] -- Up-to-date: /home/dlyvern/Projects/cw_serv_ws/install/cw_serv/share/cw_serv/package.xml
[0.255s] Invoked command in '/home/dlyvern/Projects/cw_serv_ws/build/cw_serv' returned '0': CMAKE_PREFIX_PATH=/home/dlyvern/Projects/cw_serv_ws/install/action_interface:/home/dlyvern/Projects/cw_serv_ws/install/cw_serv:/opt/ros/humble /usr/bin/cmake --install /home/dlyvern/Projects/cw_serv_ws/build/cw_serv
