[0.050s] Invoking command in '/home/dlyvern/Projects/cw_serv_ws/build/cw_serv': CMAKE_PREFIX_PATH=/home/dlyvern/Projects/cw_serv_ws/install/action_interface:/home/dlyvern/Projects/cw_serv_ws/install/cw_serv:/opt/ros/humble /usr/bin/cmake --build /home/dlyvern/Projects/cw_serv_ws/build/cw_serv -- -j12 -l12
[0.097s] [  7%] [34m[1mAutomatic MOC and UIC for target cw_serv[0m
[0.129s] [  7%] Built target cw_serv_autogen
[0.183s] [ 15%] [32mBuilding CXX object CMakeFiles/cw_serv.dir/src/modules/TCPServer.cpp.o[0m
[0.183s] [ 23%] [32mBuilding CXX object CMakeFiles/cw_serv.dir/src/modules/ServerParts/ClientManager.cpp.o[0m
[2.954s] [ 30%] [32m[1mLinking CXX executable cw_serv[0m
[3.859s] [100%] Built target cw_serv
[3.866s] Invoked command in '/home/dlyvern/Projects/cw_serv_ws/build/cw_serv' returned '0': CMAKE_PREFIX_PATH=/home/dlyvern/Projects/cw_serv_ws/install/action_interface:/home/dlyvern/Projects/cw_serv_ws/install/cw_serv:/opt/ros/humble /usr/bin/cmake --build /home/dlyvern/Projects/cw_serv_ws/build/cw_serv -- -j12 -l12
[3.930s] Invoking command in '/home/dlyvern/Projects/cw_serv_ws/build/cw_serv': CMAKE_PREFIX_PATH=/home/dlyvern/Projects/cw_serv_ws/install/action_interface:/home/dlyvern/Projects/cw_serv_ws/install/cw_serv:/opt/ros/humble /usr/bin/cmake --install /home/dlyvern/Projects/cw_serv_ws/build/cw_serv
[3.946s] -- Install configuration: ""
[3.946s] -- Installing: /home/dlyvern/Projects/cw_serv_ws/install/cw_serv/lib/cw_serv/cw_serv
[3.952s] -- Set runtime path of "/home/dlyvern/Projects/cw_serv_ws/install/cw_serv/lib/cw_serv/cw_serv" to ""
[3.952s] -- Up-to-date: /home/dlyvern/Projects/cw_serv_ws/install/cw_serv/share/cw_serv/launch
[3.952s] -- Up-to-date: /home/dlyvern/Projects/cw_serv_ws/install/cw_serv/share/cw_serv/launch/cw_serv_launch.py
[3.952s] -- Up-to-date: /home/dlyvern/Projects/cw_serv_ws/install/cw_serv/share/cw_serv/launch/settings_for_launch_file
[3.952s] -- Up-to-date: /home/dlyvern/Projects/cw_serv_ws/install/cw_serv/share/cw_serv/launch/settings_for_launch_file/main_settings.ini
[3.952s] -- Up-to-date: /home/dlyvern/Projects/cw_serv_ws/install/cw_serv/share/ament_index/resource_index/package_run_dependencies/cw_serv
[3.952s] -- Up-to-date: /home/dlyvern/Projects/cw_serv_ws/install/cw_serv/share/ament_index/resource_index/parent_prefix_path/cw_serv
[3.953s] -- Up-to-date: /home/dlyvern/Projects/cw_serv_ws/install/cw_serv/share/cw_serv/environment/ament_prefix_path.sh
[3.953s] -- Up-to-date: /home/dlyvern/Projects/cw_serv_ws/install/cw_serv/share/cw_serv/environment/ament_prefix_path.dsv
[3.953s] -- Up-to-date: /home/dlyvern/Projects/cw_serv_ws/install/cw_serv/share/cw_serv/environment/path.sh
[3.953s] -- Up-to-date: /home/dlyvern/Projects/cw_serv_ws/install/cw_serv/share/cw_serv/environment/path.dsv
[3.953s] -- Up-to-date: /home/dlyvern/Projects/cw_serv_ws/install/cw_serv/share/cw_serv/local_setup.bash
[3.953s] -- Up-to-date: /home/dlyvern/Projects/cw_serv_ws/install/cw_serv/share/cw_serv/local_setup.sh
[3.953s] -- Up-to-date: /home/dlyvern/Projects/cw_serv_ws/install/cw_serv/share/cw_serv/local_setup.zsh
[3.953s] -- Up-to-date: /home/dlyvern/Projects/cw_serv_ws/install/cw_serv/share/cw_serv/local_setup.dsv
[3.953s] -- Installing: /home/dlyvern/Projects/cw_serv_ws/install/cw_serv/share/cw_serv/package.dsv
[3.953s] -- Up-to-date: /home/dlyvern/Projects/cw_serv_ws/install/cw_serv/share/ament_index/resource_index/packages/cw_serv
[3.953s] -- Up-to-date: /home/dlyvern/Projects/cw_serv_ws/install/cw_serv/share/cw_serv/cmake/CMakeConfix.cmake
[3.953s] -- Up-to-date: /home/dlyvern/Projects/cw_serv_ws/install/cw_serv/share/cw_serv/cmake/cw_servConfig.cmake
[3.953s] -- Up-to-date: /home/dlyvern/Projects/cw_serv_ws/install/cw_serv/share/cw_serv/cmake/cw_servConfig-version.cmake
[3.953s] -- Up-to-date: /home/dlyvern/Projects/cw_serv_ws/install/cw_serv/share/cw_serv/package.xml
[3.954s] Invoked command in '/home/dlyvern/Projects/cw_serv_ws/build/cw_serv' returned '0': CMAKE_PREFIX_PATH=/home/dlyvern/Projects/cw_serv_ws/install/action_interface:/home/dlyvern/Projects/cw_serv_ws/install/cw_serv:/opt/ros/humble /usr/bin/cmake --install /home/dlyvern/Projects/cw_serv_ws/build/cw_serv
