[0.050s] Invoking command in '/home/dlyvern/Projects/cw_serv_ws/build/action_interface': CMAKE_PREFIX_PATH=${CMAKE_PREFIX_PATH}:/opt/ros/humble /usr/bin/cmake --build /home/dlyvern/Projects/cw_serv_ws/build/action_interface -- -j12 -l12
[0.079s] [  3%] Built target action_interface__cpp
[0.079s] [ 12%] Built target action_interface__rosidl_generator_c
[0.087s] [ 12%] Built target ament_cmake_python_copy_action_interface
[0.094s] [ 32%] Built target action_interface__rosidl_typesupport_fastrtps_cpp
[0.094s] [ 32%] Built target action_interface__rosidl_typesupport_cpp
[0.094s] [ 41%] Built target action_interface__rosidl_typesupport_introspection_c
[0.094s] [ 51%] Built target action_interface__rosidl_typesupport_c
[0.094s] [ 61%] Built target action_interface__rosidl_typesupport_fastrtps_c
[0.095s] [ 70%] Built target action_interface__rosidl_typesupport_introspection_cpp
[0.108s] [ 70%] Built target action_interface
[0.122s] [ 74%] Built target action_interface__py
[0.137s] [ 80%] Built target action_interface__rosidl_generator_py
[0.151s] [100%] Built target action_interface__rosidl_typesupport_c__pyext
[0.151s] [100%] Built target action_interface__rosidl_typesupport_introspection_c__pyext
[0.151s] [100%] Built target action_interface__rosidl_typesupport_fastrtps_c__pyext
[0.221s] running egg_info
[0.232s] writing action_interface.egg-info/PKG-INFO
[0.232s] writing dependency_links to action_interface.egg-info/dependency_links.txt
[0.233s] writing top-level names to action_interface.egg-info/top_level.txt
[0.265s] reading manifest file 'action_interface.egg-info/SOURCES.txt'
[0.265s] writing manifest file 'action_interface.egg-info/SOURCES.txt'
[0.281s] [100%] Built target ament_cmake_python_build_action_interface_egg
[0.289s] Invoked command in '/home/dlyvern/Projects/cw_serv_ws/build/action_interface' returned '0': CMAKE_PREFIX_PATH=${CMAKE_PREFIX_PATH}:/opt/ros/humble /usr/bin/cmake --build /home/dlyvern/Projects/cw_serv_ws/build/action_interface -- -j12 -l12
[0.390s] Invoking command in '/home/dlyvern/Projects/cw_serv_ws/build/action_interface': CMAKE_PREFIX_PATH=${CMAKE_PREFIX_PATH}:/opt/ros/humble /usr/bin/cmake --install /home/dlyvern/Projects/cw_serv_ws/build/action_interface
[0.396s] -- Install configuration: ""
[0.396s] -- Up-to-date: /home/dlyvern/Projects/cw_serv_ws/install/action_interface/share/ament_index/resource_index/rosidl_interfaces/action_interface
[0.396s] -- Up-to-date: /home/dlyvern/Projects/cw_serv_ws/install/action_interface/include/action_interface/action_interface
[0.396s] -- Up-to-date: /home/dlyvern/Projects/cw_serv_ws/install/action_interface/include/action_interface/action_interface/action
[0.396s] -- Up-to-date: /home/dlyvern/Projects/cw_serv_ws/install/action_interface/include/action_interface/action_interface/action/detail
[0.396s] -- Up-to-date: /home/dlyvern/Projects/cw_serv_ws/install/action_interface/include/action_interface/action_interface/action/detail/cmd__struct.h
[0.396s] -- Up-to-date: /home/dlyvern/Projects/cw_serv_ws/install/action_interface/include/action_interface/action_interface/action/detail/cmd__functions.h
[0.396s] -- Up-to-date: /home/dlyvern/Projects/cw_serv_ws/install/action_interface/include/action_interface/action_interface/action/detail/cmd__functions.c
[0.396s] -- Up-to-date: /home/dlyvern/Projects/cw_serv_ws/install/action_interface/include/action_interface/action_interface/action/detail/cmd__type_support.h
[0.396s] -- Up-to-date: /home/dlyvern/Projects/cw_serv_ws/install/action_interface/include/action_interface/action_interface/action/cmd.h
[0.396s] -- Up-to-date: /home/dlyvern/Projects/cw_serv_ws/install/action_interface/include/action_interface/action_interface/msg
[0.396s] -- Up-to-date: /home/dlyvern/Projects/cw_serv_ws/install/action_interface/include/action_interface/action_interface/msg/rosidl_generator_c__visibility_control.h
[0.396s] -- Up-to-date: /home/dlyvern/Projects/cw_serv_ws/install/action_interface/share/action_interface/environment/library_path.sh
[0.397s] -- Up-to-date: /home/dlyvern/Projects/cw_serv_ws/install/action_interface/share/action_interface/environment/library_path.dsv
[0.397s] -- Up-to-date: /home/dlyvern/Projects/cw_serv_ws/install/action_interface/lib/libaction_interface__rosidl_generator_c.so
[0.397s] -- Up-to-date: /home/dlyvern/Projects/cw_serv_ws/install/action_interface/include/action_interface/action_interface
[0.397s] -- Up-to-date: /home/dlyvern/Projects/cw_serv_ws/install/action_interface/include/action_interface/action_interface/action
[0.397s] -- Up-to-date: /home/dlyvern/Projects/cw_serv_ws/install/action_interface/include/action_interface/action_interface/action/detail
[0.397s] -- Up-to-date: /home/dlyvern/Projects/cw_serv_ws/install/action_interface/include/action_interface/action_interface/action/detail/cmd__rosidl_typesupport_fastrtps_c.h
[0.397s] -- Up-to-date: /home/dlyvern/Projects/cw_serv_ws/install/action_interface/include/action_interface/action_interface/msg
[0.397s] -- Up-to-date: /home/dlyvern/Projects/cw_serv_ws/install/action_interface/include/action_interface/action_interface/msg/rosidl_typesupport_fastrtps_c__visibility_control.h
[0.397s] -- Up-to-date: /home/dlyvern/Projects/cw_serv_ws/install/action_interface/lib/libaction_interface__rosidl_typesupport_fastrtps_c.so
[0.397s] -- Up-to-date: /home/dlyvern/Projects/cw_serv_ws/install/action_interface/include/action_interface/action_interface
[0.397s] -- Up-to-date: /home/dlyvern/Projects/cw_serv_ws/install/action_interface/include/action_interface/action_interface/action
[0.397s] -- Up-to-date: /home/dlyvern/Projects/cw_serv_ws/install/action_interface/include/action_interface/action_interface/action/detail
[0.397s] -- Up-to-date: /home/dlyvern/Projects/cw_serv_ws/install/action_interface/include/action_interface/action_interface/action/detail/cmd__rosidl_typesupport_introspection_c.h
[0.397s] -- Up-to-date: /home/dlyvern/Projects/cw_serv_ws/install/action_interface/include/action_interface/action_interface/action/detail/cmd__type_support.c
[0.397s] -- Up-to-date: /home/dlyvern/Projects/cw_serv_ws/install/action_interface/include/action_interface/action_interface/msg
[0.397s] -- Up-to-date: /home/dlyvern/Projects/cw_serv_ws/install/action_interface/include/action_interface/action_interface/msg/rosidl_typesupport_introspection_c__visibility_control.h
[0.397s] -- Up-to-date: /home/dlyvern/Projects/cw_serv_ws/install/action_interface/lib/libaction_interface__rosidl_typesupport_introspection_c.so
[0.397s] -- Up-to-date: /home/dlyvern/Projects/cw_serv_ws/install/action_interface/lib/libaction_interface__rosidl_typesupport_c.so
[0.397s] -- Up-to-date: /home/dlyvern/Projects/cw_serv_ws/install/action_interface/include/action_interface/action_interface
[0.397s] -- Up-to-date: /home/dlyvern/Projects/cw_serv_ws/install/action_interface/include/action_interface/action_interface/action
[0.397s] -- Up-to-date: /home/dlyvern/Projects/cw_serv_ws/install/action_interface/include/action_interface/action_interface/action/cmd.hpp
[0.397s] -- Up-to-date: /home/dlyvern/Projects/cw_serv_ws/install/action_interface/include/action_interface/action_interface/action/detail
[0.397s] -- Up-to-date: /home/dlyvern/Projects/cw_serv_ws/install/action_interface/include/action_interface/action_interface/action/detail/cmd__struct.hpp
[0.398s] -- Up-to-date: /home/dlyvern/Projects/cw_serv_ws/install/action_interface/include/action_interface/action_interface/action/detail/cmd__traits.hpp
[0.398s] -- Up-to-date: /home/dlyvern/Projects/cw_serv_ws/install/action_interface/include/action_interface/action_interface/action/detail/cmd__builder.hpp
[0.398s] -- Up-to-date: /home/dlyvern/Projects/cw_serv_ws/install/action_interface/include/action_interface/action_interface
[0.398s] -- Up-to-date: /home/dlyvern/Projects/cw_serv_ws/install/action_interface/include/action_interface/action_interface/action
[0.398s] -- Up-to-date: /home/dlyvern/Projects/cw_serv_ws/install/action_interface/include/action_interface/action_interface/action/detail
[0.398s] -- Up-to-date: /home/dlyvern/Projects/cw_serv_ws/install/action_interface/include/action_interface/action_interface/action/detail/cmd__rosidl_typesupport_fastrtps_cpp.hpp
[0.398s] -- Up-to-date: /home/dlyvern/Projects/cw_serv_ws/install/action_interface/include/action_interface/action_interface/action/detail/dds_fastrtps
[0.398s] -- Up-to-date: /home/dlyvern/Projects/cw_serv_ws/install/action_interface/include/action_interface/action_interface/msg
[0.398s] -- Up-to-date: /home/dlyvern/Projects/cw_serv_ws/install/action_interface/include/action_interface/action_interface/msg/rosidl_typesupport_fastrtps_cpp__visibility_control.h
[0.398s] -- Up-to-date: /home/dlyvern/Projects/cw_serv_ws/install/action_interface/lib/libaction_interface__rosidl_typesupport_fastrtps_cpp.so
[0.398s] -- Up-to-date: /home/dlyvern/Projects/cw_serv_ws/install/action_interface/include/action_interface/action_interface
[0.398s] -- Up-to-date: /home/dlyvern/Projects/cw_serv_ws/install/action_interface/include/action_interface/action_interface/action
[0.398s] -- Up-to-date: /home/dlyvern/Projects/cw_serv_ws/install/action_interface/include/action_interface/action_interface/action/detail
[0.398s] -- Up-to-date: /home/dlyvern/Projects/cw_serv_ws/install/action_interface/include/action_interface/action_interface/action/detail/cmd__type_support.cpp
[0.398s] -- Up-to-date: /home/dlyvern/Projects/cw_serv_ws/install/action_interface/include/action_interface/action_interface/action/detail/cmd__rosidl_typesupport_introspection_cpp.hpp
[0.398s] -- Up-to-date: /home/dlyvern/Projects/cw_serv_ws/install/action_interface/lib/libaction_interface__rosidl_typesupport_introspection_cpp.so
[0.398s] -- Up-to-date: /home/dlyvern/Projects/cw_serv_ws/install/action_interface/lib/libaction_interface__rosidl_typesupport_cpp.so
[0.398s] -- Up-to-date: /home/dlyvern/Projects/cw_serv_ws/install/action_interface/share/action_interface/environment/pythonpath.sh
[0.398s] -- Up-to-date: /home/dlyvern/Projects/cw_serv_ws/install/action_interface/share/action_interface/environment/pythonpath.dsv
[0.398s] -- Up-to-date: /home/dlyvern/Projects/cw_serv_ws/install/action_interface/local/lib/python3.10/dist-packages/action_interface-0.0.0-py3.10.egg-info
[0.398s] -- Installing: /home/dlyvern/Projects/cw_serv_ws/install/action_interface/local/lib/python3.10/dist-packages/action_interface-0.0.0-py3.10.egg-info/PKG-INFO
[0.398s] -- Installing: /home/dlyvern/Projects/cw_serv_ws/install/action_interface/local/lib/python3.10/dist-packages/action_interface-0.0.0-py3.10.egg-info/top_level.txt
[0.398s] -- Installing: /home/dlyvern/Projects/cw_serv_ws/install/action_interface/local/lib/python3.10/dist-packages/action_interface-0.0.0-py3.10.egg-info/SOURCES.txt
[0.398s] -- Installing: /home/dlyvern/Projects/cw_serv_ws/install/action_interface/local/lib/python3.10/dist-packages/action_interface-0.0.0-py3.10.egg-info/dependency_links.txt
[0.398s] -- Up-to-date: /home/dlyvern/Projects/cw_serv_ws/install/action_interface/local/lib/python3.10/dist-packages/action_interface
[0.398s] -- Up-to-date: /home/dlyvern/Projects/cw_serv_ws/install/action_interface/local/lib/python3.10/dist-packages/action_interface/libaction_interface__rosidl_generator_py.so
[0.399s] -- Up-to-date: /home/dlyvern/Projects/cw_serv_ws/install/action_interface/local/lib/python3.10/dist-packages/action_interface/action_interface_s__rosidl_typesupport_introspection_c.cpython-310-x86_64-linux-gnu.so
[0.399s] -- Up-to-date: /home/dlyvern/Projects/cw_serv_ws/install/action_interface/local/lib/python3.10/dist-packages/action_interface/_action_interface_s.ep.rosidl_typesupport_c.c
[0.399s] -- Up-to-date: /home/dlyvern/Projects/cw_serv_ws/install/action_interface/local/lib/python3.10/dist-packages/action_interface/action
[0.399s] -- Up-to-date: /home/dlyvern/Projects/cw_serv_ws/install/action_interface/local/lib/python3.10/dist-packages/action_interface/action/_cmd_s.c
[0.399s] -- Up-to-date: /home/dlyvern/Projects/cw_serv_ws/install/action_interface/local/lib/python3.10/dist-packages/action_interface/action/__init__.py
[0.399s] -- Up-to-date: /home/dlyvern/Projects/cw_serv_ws/install/action_interface/local/lib/python3.10/dist-packages/action_interface/action/_cmd.py
[0.399s] -- Up-to-date: /home/dlyvern/Projects/cw_serv_ws/install/action_interface/local/lib/python3.10/dist-packages/action_interface/action_interface_s__rosidl_typesupport_c.cpython-310-x86_64-linux-gnu.so
[0.399s] -- Up-to-date: /home/dlyvern/Projects/cw_serv_ws/install/action_interface/local/lib/python3.10/dist-packages/action_interface/action_interface_s__rosidl_typesupport_fastrtps_c.cpython-310-x86_64-linux-gnu.so
[0.399s] -- Up-to-date: /home/dlyvern/Projects/cw_serv_ws/install/action_interface/local/lib/python3.10/dist-packages/action_interface/_action_interface_s.ep.rosidl_typesupport_introspection_c.c
[0.399s] -- Up-to-date: /home/dlyvern/Projects/cw_serv_ws/install/action_interface/local/lib/python3.10/dist-packages/action_interface/__init__.py
[0.399s] -- Up-to-date: /home/dlyvern/Projects/cw_serv_ws/install/action_interface/local/lib/python3.10/dist-packages/action_interface/_action_interface_s.ep.rosidl_typesupport_fastrtps_c.c
[0.418s] Listing '/home/dlyvern/Projects/cw_serv_ws/install/action_interface/local/lib/python3.10/dist-packages/action_interface'...
[0.418s] Listing '/home/dlyvern/Projects/cw_serv_ws/install/action_interface/local/lib/python3.10/dist-packages/action_interface/action'...
[0.421s] -- Up-to-date: /home/dlyvern/Projects/cw_serv_ws/install/action_interface/local/lib/python3.10/dist-packages/action_interface/action_interface_s__rosidl_typesupport_fastrtps_c.cpython-310-x86_64-linux-gnu.so
[0.421s] -- Up-to-date: /home/dlyvern/Projects/cw_serv_ws/install/action_interface/local/lib/python3.10/dist-packages/action_interface/action_interface_s__rosidl_typesupport_introspection_c.cpython-310-x86_64-linux-gnu.so
[0.421s] -- Up-to-date: /home/dlyvern/Projects/cw_serv_ws/install/action_interface/local/lib/python3.10/dist-packages/action_interface/action_interface_s__rosidl_typesupport_c.cpython-310-x86_64-linux-gnu.so
[0.421s] -- Up-to-date: /home/dlyvern/Projects/cw_serv_ws/install/action_interface/lib/libaction_interface__rosidl_generator_py.so
[0.421s] -- Up-to-date: /home/dlyvern/Projects/cw_serv_ws/install/action_interface/share/action_interface/action/Cmd.idl
[0.421s] -- Up-to-date: /home/dlyvern/Projects/cw_serv_ws/install/action_interface/share/action_interface/action/Cmd.action
[0.421s] -- Up-to-date: /home/dlyvern/Projects/cw_serv_ws/install/action_interface/share/ament_index/resource_index/package_run_dependencies/action_interface
[0.421s] -- Up-to-date: /home/dlyvern/Projects/cw_serv_ws/install/action_interface/share/ament_index/resource_index/parent_prefix_path/action_interface
[0.421s] -- Up-to-date: /home/dlyvern/Projects/cw_serv_ws/install/action_interface/share/action_interface/environment/ament_prefix_path.sh
[0.421s] -- Up-to-date: /home/dlyvern/Projects/cw_serv_ws/install/action_interface/share/action_interface/environment/ament_prefix_path.dsv
[0.421s] -- Up-to-date: /home/dlyvern/Projects/cw_serv_ws/install/action_interface/share/action_interface/environment/path.sh
[0.421s] -- Up-to-date: /home/dlyvern/Projects/cw_serv_ws/install/action_interface/share/action_interface/environment/path.dsv
[0.422s] -- Up-to-date: /home/dlyvern/Projects/cw_serv_ws/install/action_interface/share/action_interface/local_setup.bash
[0.422s] -- Up-to-date: /home/dlyvern/Projects/cw_serv_ws/install/action_interface/share/action_interface/local_setup.sh
[0.422s] -- Up-to-date: /home/dlyvern/Projects/cw_serv_ws/install/action_interface/share/action_interface/local_setup.zsh
[0.422s] -- Up-to-date: /home/dlyvern/Projects/cw_serv_ws/install/action_interface/share/action_interface/local_setup.dsv
[0.422s] -- Installing: /home/dlyvern/Projects/cw_serv_ws/install/action_interface/share/action_interface/package.dsv
[0.422s] -- Up-to-date: /home/dlyvern/Projects/cw_serv_ws/install/action_interface/share/ament_index/resource_index/packages/action_interface
[0.422s] -- Up-to-date: /home/dlyvern/Projects/cw_serv_ws/install/action_interface/share/action_interface/cmake/export_action_interface__rosidl_generator_cExport.cmake
[0.422s] -- Up-to-date: /home/dlyvern/Projects/cw_serv_ws/install/action_interface/share/action_interface/cmake/export_action_interface__rosidl_generator_cExport-noconfig.cmake
[0.422s] -- Up-to-date: /home/dlyvern/Projects/cw_serv_ws/install/action_interface/share/action_interface/cmake/export_action_interface__rosidl_typesupport_fastrtps_cExport.cmake
[0.422s] -- Up-to-date: /home/dlyvern/Projects/cw_serv_ws/install/action_interface/share/action_interface/cmake/export_action_interface__rosidl_typesupport_fastrtps_cExport-noconfig.cmake
[0.422s] -- Up-to-date: /home/dlyvern/Projects/cw_serv_ws/install/action_interface/share/action_interface/cmake/action_interface__rosidl_typesupport_introspection_cExport.cmake
[0.422s] -- Up-to-date: /home/dlyvern/Projects/cw_serv_ws/install/action_interface/share/action_interface/cmake/action_interface__rosidl_typesupport_introspection_cExport-noconfig.cmake
[0.422s] -- Up-to-date: /home/dlyvern/Projects/cw_serv_ws/install/action_interface/share/action_interface/cmake/action_interface__rosidl_typesupport_cExport.cmake
[0.422s] -- Up-to-date: /home/dlyvern/Projects/cw_serv_ws/install/action_interface/share/action_interface/cmake/action_interface__rosidl_typesupport_cExport-noconfig.cmake
[0.422s] -- Up-to-date: /home/dlyvern/Projects/cw_serv_ws/install/action_interface/share/action_interface/cmake/export_action_interface__rosidl_generator_cppExport.cmake
[0.422s] -- Up-to-date: /home/dlyvern/Projects/cw_serv_ws/install/action_interface/share/action_interface/cmake/export_action_interface__rosidl_typesupport_fastrtps_cppExport.cmake
[0.422s] -- Up-to-date: /home/dlyvern/Projects/cw_serv_ws/install/action_interface/share/action_interface/cmake/export_action_interface__rosidl_typesupport_fastrtps_cppExport-noconfig.cmake
[0.422s] -- Up-to-date: /home/dlyvern/Projects/cw_serv_ws/install/action_interface/share/action_interface/cmake/action_interface__rosidl_typesupport_introspection_cppExport.cmake
[0.422s] -- Up-to-date: /home/dlyvern/Projects/cw_serv_ws/install/action_interface/share/action_interface/cmake/action_interface__rosidl_typesupport_introspection_cppExport-noconfig.cmake
[0.422s] -- Up-to-date: /home/dlyvern/Projects/cw_serv_ws/install/action_interface/share/action_interface/cmake/action_interface__rosidl_typesupport_cppExport.cmake
[0.422s] -- Up-to-date: /home/dlyvern/Projects/cw_serv_ws/install/action_interface/share/action_interface/cmake/action_interface__rosidl_typesupport_cppExport-noconfig.cmake
[0.422s] -- Up-to-date: /home/dlyvern/Projects/cw_serv_ws/install/action_interface/share/action_interface/cmake/export_action_interface__rosidl_generator_pyExport.cmake
[0.422s] -- Up-to-date: /home/dlyvern/Projects/cw_serv_ws/install/action_interface/share/action_interface/cmake/export_action_interface__rosidl_generator_pyExport-noconfig.cmake
[0.423s] -- Up-to-date: /home/dlyvern/Projects/cw_serv_ws/install/action_interface/share/action_interface/cmake/rosidl_cmake-extras.cmake
[0.423s] -- Up-to-date: /home/dlyvern/Projects/cw_serv_ws/install/action_interface/share/action_interface/cmake/ament_cmake_export_dependencies-extras.cmake
[0.423s] -- Up-to-date: /home/dlyvern/Projects/cw_serv_ws/install/action_interface/share/action_interface/cmake/ament_cmake_export_include_directories-extras.cmake
[0.423s] -- Up-to-date: /home/dlyvern/Projects/cw_serv_ws/install/action_interface/share/action_interface/cmake/ament_cmake_export_libraries-extras.cmake
[0.423s] -- Up-to-date: /home/dlyvern/Projects/cw_serv_ws/install/action_interface/share/action_interface/cmake/ament_cmake_export_targets-extras.cmake
[0.423s] -- Up-to-date: /home/dlyvern/Projects/cw_serv_ws/install/action_interface/share/action_interface/cmake/rosidl_cmake_export_typesupport_targets-extras.cmake
[0.423s] -- Up-to-date: /home/dlyvern/Projects/cw_serv_ws/install/action_interface/share/action_interface/cmake/rosidl_cmake_export_typesupport_libraries-extras.cmake
[0.423s] -- Up-to-date: /home/dlyvern/Projects/cw_serv_ws/install/action_interface/share/action_interface/cmake/action_interfaceConfig.cmake
[0.423s] -- Up-to-date: /home/dlyvern/Projects/cw_serv_ws/install/action_interface/share/action_interface/cmake/action_interfaceConfig-version.cmake
[0.423s] -- Up-to-date: /home/dlyvern/Projects/cw_serv_ws/install/action_interface/share/action_interface/package.xml
[0.425s] Invoked command in '/home/dlyvern/Projects/cw_serv_ws/build/action_interface' returned '0': CMAKE_PREFIX_PATH=${CMAKE_PREFIX_PATH}:/opt/ros/humble /usr/bin/cmake --install /home/dlyvern/Projects/cw_serv_ws/build/action_interface
